[2019-09-03 13:54:00] __rvm_make
__rvm_make () 
{ 
    \make "$@" || return $?
}
current path: /home/gitpod/.rvm/src/ruby-2.5.5
GEM_PATH=/home/gitpod/.rvm/gems/ruby-2.4.6:/home/gitpod/.rvm/gems/ruby-2.4.6@global
GEM_HOME=/home/gitpod/.rvm/gems/ruby-2.4.6
PATH=/home/gitpod/.rvm/gems/ruby-2.4.6/bin:/home/gitpod/.rvm/gems/ruby-2.4.6@global/bin:/home/gitpod/.rvm/rubies/ruby-2.4.6/bin:/home/gitpod/.rvm/bin:/home/gitpod/.sdkman/candidates/maven/current/bin:/home/gitpod/.sdkman/candidates/java/current/bin:/home/gitpod/.sdkman/candidates/gradle/current/bin:/home/gitpod/.pyenv/bin:/home/gitpod/.pyenv/shims:/home/gitpod/.nvm/versions/node/v10.15.3/bin:/workspace/go/bin:/home/gitpod/go/bin:/home/gitpod/go-packages/bin:/usr/local/sbin:/usr/local/bin:/usr/sbin:/usr/bin:/sbin:/bin
command(2): __rvm_make install
++ make install
generating x86_64-linux-fake.rb
x86_64-linux-fake.rb updated
	CC = gcc
	LD = ld
	LDSHARED = gcc -shared
	CFLAGS = -O3 -ggdb3 -Wall -Wextra -Wno-unused-parameter -Wno-parentheses -Wno-long-long -Wno-missing-field-initializers -Wno-tautological-compare -Wno-parentheses-equality -Wno-constant-logical-operand -Wno-self-assign -Wunused-variable -Wimplicit-int -Wpointer-arith -Wwrite-strings -Wdeclaration-after-statement -Wimplicit-function-declaration -Wdeprecated-declarations -Wmisleading-indentation -Wno-packed-bitfield-compat -Wsuggest-attribute=noreturn -Wsuggest-attribute=format -Wimplicit-fallthrough=0 -Wduplicated-cond -Wrestrict -std=gnu99  -fPIC 
	XCFLAGS = -D_FORTIFY_SOURCE=2 -fstack-protector -fno-strict-overflow -fvisibility=hidden -fexcess-precision=standard -DRUBY_EXPORT
	CPPFLAGS =   -I. -I.ext/include/x86_64-linux -I./include -I. -I./enc/unicode/10.0.0
	DLDFLAGS = -Wl,--compress-debug-sections=zlib -Wl,-soname,libruby.so.2.5  -fstack-protector  
	SOLIBS = -lpthread -lgmp -ldl -lcrypt -lm  
	LANG = en_US.UTF-8
	LC_ALL = 
	LC_CTYPE = 
gcc (Ubuntu 8.3.0-6ubuntu1) 8.3.0
Copyright (C) 2018 Free Software Foundation, Inc.
This is free software; see the source for copying conditions.  There is NO
warranty; not even for MERCHANTABILITY or FITNESS FOR A PARTICULAR PURPOSE.

generating enc.mk
making srcs under enc
make[1]: Entering directory '/home/gitpod/.rvm/src/ruby-2.5.5'
make[1]: Nothing to be done for 'srcs'.
make[1]: Leaving directory '/home/gitpod/.rvm/src/ruby-2.5.5'
generating transdb.h
transdb.h unchanged
generating makefiles ext/configure-ext.mk
ext/configure-ext.mk updated
make[1]: Entering directory '/home/gitpod/.rvm/src/ruby-2.5.5'
make[1]: Leaving directory '/home/gitpod/.rvm/src/ruby-2.5.5'
generating makefile exts.mk
exts.mk unchanged
make[1]: Entering directory '/home/gitpod/.rvm/src/ruby-2.5.5'
make[2]: Entering directory '/home/gitpod/.rvm/src/ruby-2.5.5/ext/io/console'
make[2]: Leaving directory '/home/gitpod/.rvm/src/ruby-2.5.5/ext/io/console'
make[2]: Entering directory '/home/gitpod/.rvm/src/ruby-2.5.5/ext/-test-/marshal/compat'
linking shared-object -test-/marshal/compat.so
make[2]: Leaving directory '/home/gitpod/.rvm/src/ruby-2.5.5/ext/-test-/marshal/compat'
make[2]: Entering directory '/home/gitpod/.rvm/src/ruby-2.5.5/ext/json'
make[2]: Leaving directory '/home/gitpod/.rvm/src/ruby-2.5.5/ext/json'
make[2]: Entering directory '/home/gitpod/.rvm/src/ruby-2.5.5/ext/json/parser'
linking shared-object json/ext/parser.so
make[2]: Leaving directory '/home/gitpod/.rvm/src/ruby-2.5.5/ext/json/parser'
make[2]: Entering directory '/home/gitpod/.rvm/src/ruby-2.5.5/ext/syslog'
make[2]: Leaving directory '/home/gitpod/.rvm/src/ruby-2.5.5/ext/syslog'
make[2]: Entering directory '/home/gitpod/.rvm/src/ruby-2.5.5/ext/digest'
make[2]: Leaving directory '/home/gitpod/.rvm/src/ruby-2.5.5/ext/digest'
make[2]: Entering directory '/home/gitpod/.rvm/src/ruby-2.5.5/ext/digest/sha2'
make[2]: Leaving directory '/home/gitpod/.rvm/src/ruby-2.5.5/ext/digest/sha2'
make[2]: Entering directory '/home/gitpod/.rvm/src/ruby-2.5.5/ext/ripper'
make[2]: Leaving directory '/home/gitpod/.rvm/src/ruby-2.5.5/ext/ripper'
make[2]: Entering directory '/home/gitpod/.rvm/src/ruby-2.5.5/ext/fiddle'
make[2]: Leaving directory '/home/gitpod/.rvm/src/ruby-2.5.5/ext/fiddle'
make[2]: Entering directory '/home/gitpod/.rvm/src/ruby-2.5.5/ext/rubyvm'
make[2]: Leaving directory '/home/gitpod/.rvm/src/ruby-2.5.5/ext/rubyvm'
make[2]: Entering directory '/home/gitpod/.rvm/src/ruby-2.5.5/ext/pty'
make[2]: Leaving directory '/home/gitpod/.rvm/src/ruby-2.5.5/ext/pty'
make[2]: Entering directory '/home/gitpod/.rvm/src/ruby-2.5.5/ext/socket'
make[2]: Leaving directory '/home/gitpod/.rvm/src/ruby-2.5.5/ext/socket'
make[2]: Entering directory '/home/gitpod/.rvm/src/ruby-2.5.5/ext/psych'
make[2]: Leaving directory '/home/gitpod/.rvm/src/ruby-2.5.5/ext/psych'
make[2]: Entering directory '/home/gitpod/.rvm/src/ruby-2.5.5/ext/bigdecimal'
make[2]: Leaving directory '/home/gitpod/.rvm/src/ruby-2.5.5/ext/bigdecimal'
make[2]: Entering directory '/home/gitpod/.rvm/src/ruby-2.5.5/ext/nkf'
make[2]: Leaving directory '/home/gitpod/.rvm/src/ruby-2.5.5/ext/nkf'
make[2]: Entering directory '/home/gitpod/.rvm/src/ruby-2.5.5/ext/pathname'
make[2]: Leaving directory '/home/gitpod/.rvm/src/ruby-2.5.5/ext/pathname'
make[2]: Entering directory '/home/gitpod/.rvm/src/ruby-2.5.5/ext/date'
make[2]: Leaving directory '/home/gitpod/.rvm/src/ruby-2.5.5/ext/date'
make[2]: Entering directory '/home/gitpod/.rvm/src/ruby-2.5.5/ext/openssl'
make[2]: Leaving directory '/home/gitpod/.rvm/src/ruby-2.5.5/ext/openssl'
make[2]: Entering directory '/home/gitpod/.rvm/src/ruby-2.5.5'
make[2]: 'ruby' is up to date.
make[2]: Leaving directory '/home/gitpod/.rvm/src/ruby-2.5.5'
make[1]: Leaving directory '/home/gitpod/.rvm/src/ruby-2.5.5'
make[1]: Entering directory '/home/gitpod/.rvm/src/ruby-2.5.5'
make[1]: Nothing to be done for 'note'.
make[1]: Leaving directory '/home/gitpod/.rvm/src/ruby-2.5.5'
making enc
make[1]: Entering directory '/home/gitpod/.rvm/src/ruby-2.5.5'
make[1]: Nothing to be done for 'enc'.
make[1]: Leaving directory '/home/gitpod/.rvm/src/ruby-2.5.5'
making trans
make[1]: Entering directory '/home/gitpod/.rvm/src/ruby-2.5.5'
make[1]: Nothing to be done for './enc/trans'.
make[1]: Leaving directory '/home/gitpod/.rvm/src/ruby-2.5.5'
making encs
make[1]: Entering directory '/home/gitpod/.rvm/src/ruby-2.5.5'
make[1]: Nothing to be done for 'encs'.
make[1]: Leaving directory '/home/gitpod/.rvm/src/ruby-2.5.5'
./miniruby -I./lib -I. -I.ext/common  ./tool/runruby.rb --extout=.ext  -- --disable-gems -r./x86_64-linux-fake ./tool/rbinstall.rb --make="make" --dest-dir="" --extout=".ext" --mflags="" --make-flags="" --data-mode=0644 --prog-mode=0755 --installed-list .installed.list --mantype="doc"
installing binary commands:         /home/gitpod/.rvm/rubies/ruby-2.5.5/bin
installing base libraries:          /home/gitpod/.rvm/rubies/ruby-2.5.5/lib
installing arch files:              /home/gitpod/.rvm/rubies/ruby-2.5.5/lib/ruby/2.5.0/x86_64-linux
installing pkgconfig data:          /home/gitpod/.rvm/rubies/ruby-2.5.5/lib/pkgconfig
installing command scripts:         /home/gitpod/.rvm/rubies/ruby-2.5.5/bin
installing library scripts:         /home/gitpod/.rvm/rubies/ruby-2.5.5/lib/ruby/2.5.0
installing common headers:          /home/gitpod/.rvm/rubies/ruby-2.5.5/include/ruby-2.5.0
installing manpages:                /home/gitpod/.rvm/rubies/ruby-2.5.5/share/man/man1
installing extension objects:       /home/gitpod/.rvm/rubies/ruby-2.5.5/lib/ruby/2.5.0/x86_64-linux
installing extension objects:       /home/gitpod/.rvm/rubies/ruby-2.5.5/lib/ruby/site_ruby/2.5.0/x86_64-linux
installing extension objects:       /home/gitpod/.rvm/rubies/ruby-2.5.5/lib/ruby/vendor_ruby/2.5.0/x86_64-linux
installing extension headers:       /home/gitpod/.rvm/rubies/ruby-2.5.5/include/ruby-2.5.0/x86_64-linux
installing extension scripts:       /home/gitpod/.rvm/rubies/ruby-2.5.5/lib/ruby/2.5.0
installing extension scripts:       /home/gitpod/.rvm/rubies/ruby-2.5.5/lib/ruby/site_ruby/2.5.0
installing extension scripts:       /home/gitpod/.rvm/rubies/ruby-2.5.5/lib/ruby/vendor_ruby/2.5.0
installing extension headers:       /home/gitpod/.rvm/rubies/ruby-2.5.5/include/ruby-2.5.0/ruby
installing default gems from lib:   /home/gitpod/.rvm/rubies/ruby-2.5.5/lib/ruby/gems/2.5.0 (build_info, cache, doc, extensions, gems, specifications)
                                    cmath 1.0.0
                                    csv 1.0.0
                                    fileutils 1.0.2
                                    ipaddr 1.2.0
                                    rdoc 6.0.1
                                    scanf 1.0.0
                                    webrick 1.4.2
installing default gems from ext:   /home/gitpod/.rvm/rubies/ruby-2.5.5/lib/ruby/gems/2.5.0 (build_info, cache, doc, extensions, gems, specifications)
                                    bigdecimal 1.3.4
                                    date 1.0.0
                                    dbm 1.0.0
                                    etc 1.0.0
                                    fcntl 1.0.0
                                    fiddle 1.0.0
                                    gdbm 2.0.0
                                    io-console 0.4.6
                                    json 2.1.0
                                    openssl 2.1.2
                                    psych 3.0.2
                                    sdbm 1.0.0
                                    stringio 0.0.1
                                    strscan 1.0.0
                                    zlib 1.0.0
installing bundled gems:            /home/gitpod/.rvm/rubies/ruby-2.5.5/lib/ruby/gems/2.5.0 (build_info, cache, doc, extensions, gems, specifications)
                                    net-telnet 0.1.1
                                    power_assert 1.1.1
                                    rake 12.3.0
                                    did_you_mean 1.2.0
                                    test-unit 3.2.7
                                    minitest 5.10.3
                                    xmlrpc 0.3.0
