[2019-09-03 13:50:21] __rvm_make
__rvm_make () 
{ 
    \make "$@" || return $?
}
current path: /home/gitpod/.rvm/src/ruby-2.5.5
GEM_PATH=/home/gitpod/.rvm/gems/ruby-2.4.6:/home/gitpod/.rvm/gems/ruby-2.4.6@global
GEM_HOME=/home/gitpod/.rvm/gems/ruby-2.4.6
PATH=/home/gitpod/.rvm/gems/ruby-2.4.6/bin:/home/gitpod/.rvm/gems/ruby-2.4.6@global/bin:/home/gitpod/.rvm/rubies/ruby-2.4.6/bin:/home/gitpod/.rvm/bin:/home/gitpod/.sdkman/candidates/maven/current/bin:/home/gitpod/.sdkman/candidates/java/current/bin:/home/gitpod/.sdkman/candidates/gradle/current/bin:/home/gitpod/.pyenv/bin:/home/gitpod/.pyenv/shims:/home/gitpod/.nvm/versions/node/v10.15.3/bin:/workspace/go/bin:/home/gitpod/go/bin:/home/gitpod/go-packages/bin:/usr/local/sbin:/usr/local/bin:/usr/sbin:/usr/bin:/sbin:/bin
command(2): __rvm_make -j2
++ make -j2
	CC = gcc
	LD = ld
	LDSHARED = gcc -shared
	CFLAGS = -O3 -ggdb3 -Wall -Wextra -Wno-unused-parameter -Wno-parentheses -Wno-long-long -Wno-missing-field-initializers -Wno-tautological-compare -Wno-parentheses-equality -Wno-constant-logical-operand -Wno-self-assign -Wunused-variable -Wimplicit-int -Wpointer-arith -Wwrite-strings -Wdeclaration-after-statement -Wimplicit-function-declaration -Wdeprecated-declarations -Wmisleading-indentation -Wno-packed-bitfield-compat -Wsuggest-attribute=noreturn -Wsuggest-attribute=format -Wimplicit-fallthrough=0 -Wduplicated-cond -Wrestrict -std=gnu99  -fPIC 
	XCFLAGS = -D_FORTIFY_SOURCE=2 -fstack-protector -fno-strict-overflow -fvisibility=hidden -fexcess-precision=standard -DRUBY_EXPORT
	CPPFLAGS =   -I. -I.ext/include/x86_64-linux -I./include -I. -I./enc/unicode/10.0.0
	DLDFLAGS = -Wl,--compress-debug-sections=zlib -Wl,-soname,libruby.so.2.5  -fstack-protector  
	SOLIBS = -lpthread -lgmp -ldl -lcrypt -lm  
	LANG = en_US.UTF-8
	LC_ALL = 
	LC_CTYPE = 
gcc (Ubuntu 8.3.0-6ubuntu1) 8.3.0
Copyright (C) 2018 Free Software Foundation, Inc.
This is free software; see the source for copying conditions.  There is NO
warranty; not even for MERCHANTABILITY or FITNESS FOR A PARTICULAR PURPOSE.

compiling ./main.c
compiling dmydln.c
compiling miniinit.c
compiling dmyext.c
compiling miniprelude.c
making dummy probes.h
compiling bignum.c
compiling class.c
compiling compar.c
compiling compile.c
compiling complex.c
compiling cont.c
compiling debug.c
compiling debug_counter.c
compiling dir.c
compiling dln_find.c
compiling encoding.c
compiling enum.c
compiling enumerator.c
compiling error.c
compiling eval.c
compiling file.c
compiling gc.c
gc.c: In function ‘make_io_zombie’:
gc.c:2162:32: warning: cast between incompatible function types from ‘int (*)(rb_io_t *)’ {aka ‘int (*)(struct rb_io_t *)’} to ‘void (*)(void *)’ [-Wcast-function-type]
     make_zombie(objspace, obj, (void (*)(void*))rb_io_fptr_finalize, fptr);
                                ^
compiling hash.c
compiling inits.c
gc.c: At top level:
cc1: warning: unrecognized command line option ‘-Wno-self-assign’
cc1: warning: unrecognized command line option ‘-Wno-constant-logical-operand’
cc1: warning: unrecognized command line option ‘-Wno-parentheses-equality’
compiling io.c
compiling iseq.c
compiling load.c
compiling marshal.c
compiling math.c
compiling node.c
compiling numeric.c
compiling object.c
compiling pack.c
compiling parse.c
compiling proc.c
compiling process.c
process.c: In function ‘handle_fork_error’:
process.c:3271:24: warning: cast between incompatible function types from ‘void (*)(int)’ to ‘VALUE (*)()’ {aka ‘long unsigned int (*)()’} [-Wcast-function-type]
             rb_protect((VALUE (*)())rb_thread_sleep, 1, &state);
                        ^
process.c: At top level:
cc1: warning: unrecognized command line option ‘-Wno-self-assign’
cc1: warning: unrecognized command line option ‘-Wno-constant-logical-operand’
cc1: warning: unrecognized command line option ‘-Wno-parentheses-equality’
compiling random.c
compiling range.c
compiling rational.c
compiling re.c
compiling regcomp.c
compiling regenc.c
compiling regerror.c
compiling regexec.c
compiling regparse.c
compiling regsyntax.c
compiling ruby.c
compiling safe.c
compiling signal.c
signal.c: In function ‘ruby_signal’:
signal.c:599:31: warning: cast between incompatible function types from ‘ruby_sighandler_t’ {aka ‘void (*)(int)’} to ‘void (*)(int,  siginfo_t *, void *)’ {aka ‘void (*)(int,  struct <anonymous> *, void *)’} [-Wcast-function-type]
         sigact.sa_sigaction = (ruby_sigaction_t*)handler;
                               ^
signal.c:628:12: warning: cast between incompatible function types from ‘void (*)(int,  siginfo_t *, void *)’ {aka ‘void (*)(int,  struct <anonymous> *, void *)’} to ‘void (*)(int)’ [-Wcast-function-type]
  handler = (sighandler_t)old.sa_sigaction;
            ^
signal.c: In function ‘default_handler’:
signal.c:1101:16: warning: cast between incompatible function types from ‘void (*)(int,  siginfo_t *, void *)’ {aka ‘void (*)(int,  struct <anonymous> *, void *)’} to ‘void (*)(int)’ [-Wcast-function-type]
         func = (sighandler_t)sigbus;
                ^
signal.c:1106:16: warning: cast between incompatible function types from ‘void (*)(int,  siginfo_t *, void *)’ {aka ‘void (*)(int,  struct <anonymous> *, void *)’} to ‘void (*)(int)’ [-Wcast-function-type]
         func = (sighandler_t)sigsegv;
                ^
signal.c: In function ‘Init_signal’:
signal.c:1522:29: warning: cast between incompatible function types from ‘void (*)(int,  siginfo_t *, void *)’ {aka ‘void (*)(int,  struct <anonymous> *, void *)’} to ‘void (*)(int)’ [-Wcast-function-type]
  install_sighandler(SIGBUS, (sighandler_t)sigbus);
                             ^
signal.c:1389:8: note: in definition of macro ‘INSTALL_SIGHANDLER’
  if (!(cond)) break; \
        ^~~~
signal.c:1522:2: note: in expansion of macro ‘install_sighandler’
  install_sighandler(SIGBUS, (sighandler_t)sigbus);
  ^~~~~~~~~~~~~~~~~~
signal.c:1525:29: warning: cast between incompatible function types from ‘void (*)(int,  siginfo_t *, void *)’ {aka ‘void (*)(int,  struct <anonymous> *, void *)’} to ‘void (*)(int)’ [-Wcast-function-type]
  install_sighandler(SIGILL, (sighandler_t)sigill);
                             ^
signal.c:1389:8: note: in definition of macro ‘INSTALL_SIGHANDLER’
  if (!(cond)) break; \
        ^~~~
signal.c:1525:2: note: in expansion of macro ‘install_sighandler’
  install_sighandler(SIGILL, (sighandler_t)sigill);
  ^~~~~~~~~~~~~~~~~~
signal.c:1531:30: warning: cast between incompatible function types from ‘void (*)(int,  siginfo_t *, void *)’ {aka ‘void (*)(int,  struct <anonymous> *, void *)’} to ‘void (*)(int)’ [-Wcast-function-type]
  install_sighandler(SIGSEGV, (sighandler_t)sigsegv);
                              ^
signal.c:1389:8: note: in definition of macro ‘INSTALL_SIGHANDLER’
  if (!(cond)) break; \
        ^~~~
signal.c:1531:2: note: in expansion of macro ‘install_sighandler’
  install_sighandler(SIGSEGV, (sighandler_t)sigsegv);
  ^~~~~~~~~~~~~~~~~~
compiling sprintf.c
signal.c: At top level:
cc1: warning: unrecognized command line option ‘-Wno-self-assign’
cc1: warning: unrecognized command line option ‘-Wno-constant-logical-operand’
cc1: warning: unrecognized command line option ‘-Wno-parentheses-equality’
compiling st.c
compiling strftime.c
compiling string.c
compiling struct.c
compiling symbol.c
compiling thread.c
thread.c: In function ‘rb_set_coverages’:
thread.c:5194:24: warning: cast between incompatible function types from ‘void (*)(VALUE,  const rb_trace_arg_t *)’ {aka ‘void (*)(long unsigned int,  const struct rb_trace_arg_struct *)’} to ‘void (*)(rb_event_flag_t,  VALUE,  VALUE,  ID,  VALUE)’ {aka ‘void (*)(unsigned int,  long unsigned int,  long unsigned int,  long unsigned int,  long unsigned int)’} [-Wcast-function-type]
     rb_add_event_hook2((rb_event_hook_func_t) update_line_coverage, RUBY_EVENT_COVERAGE_LINE, Qnil, RUBY_EVENT_HOOK_FLAG_SAFE | RUBY_EVENT_HOOK_FLAG_RAW_ARG);
                        ^
thread.c:5196:21: warning: cast between incompatible function types from ‘void (*)(VALUE,  const rb_trace_arg_t *)’ {aka ‘void (*)(long unsigned int,  const struct rb_trace_arg_struct *)’} to ‘void (*)(rb_event_flag_t,  VALUE,  VALUE,  ID,  VALUE)’ {aka ‘void (*)(unsigned int,  long unsigned int,  long unsigned int,  long unsigned int,  long unsigned int)’} [-Wcast-function-type]
  rb_add_event_hook2((rb_event_hook_func_t) update_branch_coverage, RUBY_EVENT_COVERAGE_BRANCH, Qnil, RUBY_EVENT_HOOK_FLAG_SAFE | RUBY_EVENT_HOOK_FLAG_RAW_ARG);
                     ^
thread.c:5199:21: warning: cast between incompatible function types from ‘void (*)(VALUE,  rb_trace_arg_t *)’ {aka ‘void (*)(long unsigned int,  struct rb_trace_arg_struct *)’} to ‘void (*)(rb_event_flag_t,  VALUE,  VALUE,  ID,  VALUE)’ {aka ‘void (*)(unsigned int,  long unsigned int,  long unsigned int,  long unsigned int,  long unsigned int)’} [-Wcast-function-type]
  rb_add_event_hook2((rb_event_hook_func_t) update_method_coverage, RUBY_EVENT_CALL, me2counter, RUBY_EVENT_HOOK_FLAG_SAFE | RUBY_EVENT_HOOK_FLAG_RAW_ARG);
                     ^
thread.c: In function ‘rb_reset_coverages’:
thread.c:5221:26: warning: cast between incompatible function types from ‘void (*)(VALUE,  const rb_trace_arg_t *)’ {aka ‘void (*)(long unsigned int,  const struct rb_trace_arg_struct *)’} to ‘void (*)(rb_event_flag_t,  VALUE,  VALUE,  ID,  VALUE)’ {aka ‘void (*)(unsigned int,  long unsigned int,  long unsigned int,  long unsigned int,  long unsigned int)’} [-Wcast-function-type]
     rb_remove_event_hook((rb_event_hook_func_t) update_line_coverage);
                          ^
thread.c:5223:23: warning: cast between incompatible function types from ‘void (*)(VALUE,  const rb_trace_arg_t *)’ {aka ‘void (*)(long unsigned int,  const struct rb_trace_arg_struct *)’} to ‘void (*)(rb_event_flag_t,  VALUE,  VALUE,  ID,  VALUE)’ {aka ‘void (*)(unsigned int,  long unsigned int,  long unsigned int,  long unsigned int,  long unsigned int)’} [-Wcast-function-type]
  rb_remove_event_hook((rb_event_hook_func_t) update_branch_coverage);
                       ^
thread.c:5226:23: warning: cast between incompatible function types from ‘void (*)(VALUE,  rb_trace_arg_t *)’ {aka ‘void (*)(long unsigned int,  struct rb_trace_arg_struct *)’} to ‘void (*)(rb_event_flag_t,  VALUE,  VALUE,  ID,  VALUE)’ {aka ‘void (*)(unsigned int,  long unsigned int,  long unsigned int,  long unsigned int,  long unsigned int)’} [-Wcast-function-type]
  rb_remove_event_hook((rb_event_hook_func_t) update_method_coverage);
                       ^
thread.c: At top level:
cc1: warning: unrecognized command line option ‘-Wno-self-assign’
cc1: warning: unrecognized command line option ‘-Wno-constant-logical-operand’
cc1: warning: unrecognized command line option ‘-Wno-parentheses-equality’
compiling time.c
compiling transcode.c
compiling util.c
compiling variable.c
compiling version.c
compiling vm.c
In file included from vm.c:304:
vm_eval.c: In function ‘rb_eval_string_protect’:
vm_eval.c:1472:23: warning: cast between incompatible function types from ‘VALUE (*)(const char *)’ {aka ‘long unsigned int (*)(const char *)’} to ‘VALUE (*)(VALUE)’ {aka ‘long unsigned int (*)(long unsigned int)’} [-Wcast-function-type]
     return rb_protect((VALUE (*)(VALUE))rb_eval_string, (VALUE)str, pstate);
                       ^
compiling vm_backtrace.c
compiling vm_dump.c
compiling vm_trace.c
vm_trace.c: In function ‘exec_hooks_body’:
vm_trace.c:268:6: warning: cast between incompatible function types from ‘rb_event_hook_func_t’ {aka ‘void (*)(unsigned int,  long unsigned int,  long unsigned int,  long unsigned int,  long unsigned int)’} to ‘void (*)(VALUE,  const rb_trace_arg_t *)’ {aka ‘void (*)(long unsigned int,  const struct rb_trace_arg_struct *)’} [-Wcast-function-type]
   (*((rb_event_hook_raw_arg_func_t)hook->func))(hook->data, trace_arg);
      ^
vm_trace.c: In function ‘rb_tracepoint_enable’:
vm_trace.c:1040:49: warning: cast between incompatible function types from ‘void (*)(VALUE,  rb_trace_arg_t *)’ {aka ‘void (*)(long unsigned int,  struct rb_trace_arg_struct *)’} to ‘void (*)(rb_event_flag_t,  VALUE,  VALUE,  ID,  VALUE)’ {aka ‘void (*)(unsigned int,  long unsigned int,  long unsigned int,  long unsigned int,  long unsigned int)’} [-Wcast-function-type]
  rb_thread_add_event_hook2(tp->target_th->self, (rb_event_hook_func_t)tp_call_trace, tp->events, tpval,
                                                 ^
vm_trace.c:1044:21: warning: cast between incompatible function types from ‘void (*)(VALUE,  rb_trace_arg_t *)’ {aka ‘void (*)(long unsigned int,  struct rb_trace_arg_struct *)’} to ‘void (*)(rb_event_flag_t,  VALUE,  VALUE,  ID,  VALUE)’ {aka ‘void (*)(unsigned int,  long unsigned int,  long unsigned int,  long unsigned int,  long unsigned int)’} [-Wcast-function-type]
  rb_add_event_hook2((rb_event_hook_func_t)tp_call_trace, tp->events, tpval,
                     ^
vm_trace.c: In function ‘rb_tracepoint_disable’:
vm_trace.c:1059:61: warning: cast between incompatible function types from ‘void (*)(VALUE,  rb_trace_arg_t *)’ {aka ‘void (*)(long unsigned int,  struct rb_trace_arg_struct *)’} to ‘void (*)(rb_event_flag_t,  VALUE,  VALUE,  ID,  VALUE)’ {aka ‘void (*)(unsigned int,  long unsigned int,  long unsigned int,  long unsigned int,  long unsigned int)’} [-Wcast-function-type]
  rb_thread_remove_event_hook_with_data(tp->target_th->self, (rb_event_hook_func_t)tp_call_trace, tpval);
                                                             ^
vm_trace.c:1062:33: warning: cast between incompatible function types from ‘void (*)(VALUE,  rb_trace_arg_t *)’ {aka ‘void (*)(long unsigned int,  struct rb_trace_arg_struct *)’} to ‘void (*)(rb_event_flag_t,  VALUE,  VALUE,  ID,  VALUE)’ {aka ‘void (*)(unsigned int,  long unsigned int,  long unsigned int,  long unsigned int,  long unsigned int)’} [-Wcast-function-type]
  rb_remove_event_hook_with_data((rb_event_hook_func_t)tp_call_trace, tpval);
                                 ^
vm_trace.c: At top level:
cc1: warning: unrecognized command line option ‘-Wno-self-assign’
cc1: warning: unrecognized command line option ‘-Wno-constant-logical-operand’
cc1: warning: unrecognized command line option ‘-Wno-parentheses-equality’
compiling ./missing/setproctitle.c
compiling ./missing/strlcat.c
compiling ./missing/strlcpy.c
compiling addr2line.c
compiling dmyenc.c
compiling dln.c
compiling localeinit.c
compiling prelude.c
compiling array.c
vm.c: At top level:
cc1: warning: unrecognized command line option ‘-Wno-self-assign’
cc1: warning: unrecognized command line option ‘-Wno-constant-logical-operand’
cc1: warning: unrecognized command line option ‘-Wno-parentheses-equality’
compiling enc/ascii.c
compiling enc/us_ascii.c
compiling enc/unicode.c
compiling enc/utf_8.c
compiling enc/trans/newline.c
linking miniruby
generating encdb.h
encdb.h updated
./tool/ifchange "--timestamp=.rbconfig.time" rbconfig.rb rbconfig.tmp
rbconfig.rb updated
generating enc.mk
creating verconf.h
verconf.h updated
compiling loadpath.c
making srcs under enc
make[1]: Entering directory '/home/gitpod/.rvm/src/ruby-2.5.5'
make[1]: Nothing to be done for 'srcs'.
make[1]: Leaving directory '/home/gitpod/.rvm/src/ruby-2.5.5'
generating transdb.h
linking static-library libruby-static.a
transdb.h updated
linking shared-library libruby.so.2.5.5
generating makefiles ext/configure-ext.mk
making enc
make[1]: Entering directory '/home/gitpod/.rvm/src/ruby-2.5.5'
compiling ./enc/encdb.c
ext/configure-ext.mk updated
compiling ./enc/big5.c
making trans
compiling ./enc/cp949.c
make[1]: Entering directory '/home/gitpod/.rvm/src/ruby-2.5.5'
compiling ./enc/trans/transdb.c
compiling ./enc/trans/big5.c
compiling ./enc/emacs_mule.c
compiling ./enc/euc_jp.c
compiling ./enc/euc_kr.c
compiling ./enc/euc_tw.c
compiling ./enc/gb2312.c
compiling ./enc/gb18030.c
compiling ./enc/gbk.c
compiling ./enc/iso_8859_1.c
compiling ./enc/iso_8859_2.c
compiling ./enc/iso_8859_3.c
compiling ./enc/iso_8859_4.c
compiling ./enc/iso_8859_5.c
compiling ./enc/iso_8859_6.c
compiling ./enc/trans/chinese.c
compiling ./enc/iso_8859_7.c
compiling ./enc/iso_8859_8.c
compiling ./enc/iso_8859_9.c
compiling ./enc/iso_8859_10.c
compiling ./enc/iso_8859_11.c
compiling ./enc/iso_8859_13.c
compiling ./enc/trans/ebcdic.c
compiling ./enc/trans/emoji.c
compiling ./enc/iso_8859_14.c
compiling ./enc/iso_8859_15.c
compiling ./enc/trans/emoji_iso2022_kddi.c
compiling ./enc/iso_8859_16.c
compiling ./enc/koi8_r.c
compiling ./enc/koi8_u.c
compiling ./enc/shift_jis.c
compiling ./enc/trans/emoji_sjis_docomo.c
compiling ./enc/utf_16be.c
compiling ./enc/utf_16le.c
compiling ./enc/utf_32be.c
compiling ./enc/utf_32le.c
compiling ./enc/trans/emoji_sjis_kddi.c
compiling ./enc/windows_31j.c
compiling ./enc/windows_1250.c
compiling ./enc/windows_1251.c
compiling ./enc/trans/emoji_sjis_softbank.c
compiling ./enc/windows_1252.c
compiling ./enc/windows_1253.c
compiling ./enc/windows_1254.c
compiling ./enc/trans/escape.c
compiling ./enc/windows_1257.c
compiling ./enc/trans/gb18030.c
linking encoding encdb.so
linking encoding big5.so
linking encoding cp949.so
linking encoding emacs_mule.so
linking encoding euc_jp.so
linking encoding euc_kr.so
linking encoding euc_tw.so
linking encoding gb2312.so
linking encoding gb18030.so
linking encoding gbk.so
linking encoding iso_8859_1.so
linking encoding iso_8859_2.so
linking encoding iso_8859_3.so
linking encoding iso_8859_4.so
linking encoding iso_8859_5.so
linking encoding iso_8859_6.so
compiling ./enc/trans/gbk.c
linking encoding iso_8859_7.so
linking encoding iso_8859_8.so
linking encoding iso_8859_9.so
linking encoding iso_8859_10.so
linking encoding iso_8859_11.so
linking encoding iso_8859_13.so
linking encoding iso_8859_14.so
linking encoding iso_8859_15.so
linking encoding iso_8859_16.so
linking encoding koi8_r.so
linking encoding koi8_u.so
linking encoding shift_jis.so
linking encoding utf_16be.so
linking encoding utf_16le.so
linking encoding utf_32be.so
linking encoding utf_32le.so
linking encoding windows_31j.so
linking encoding windows_1250.so
linking encoding windows_1251.so
linking encoding windows_1252.so
linking encoding windows_1253.so
linking encoding windows_1254.so
linking encoding windows_1257.so
make[1]: Leaving directory '/home/gitpod/.rvm/src/ruby-2.5.5'
make[1]: Entering directory '/home/gitpod/.rvm/src/ruby-2.5.5'
compiling ./enc/trans/iso2022.c
configuring dbm
compiling ./enc/trans/japanese.c
compiling ./enc/trans/japanese_euc.c
compiling ./enc/trans/japanese_sjis.c
header: db.h
library: db
compiling ./enc/trans/korean.c
configuring sdbm
configuring io/console
compiling ./enc/trans/single_byte.c
compiling ./enc/trans/utf8_mac.c
compiling ./enc/trans/utf_16_32.c
linking transcoder transdb.so
linking transcoder big5.so
configuring io/nonblock
linking transcoder chinese.so
linking transcoder ebcdic.so
linking transcoder emoji.so
linking transcoder emoji_iso2022_kddi.so
linking transcoder emoji_sjis_docomo.so
configuring io/wait
linking transcoder emoji_sjis_kddi.so
linking transcoder emoji_sjis_softbank.so
linking transcoder escape.so
linking transcoder gb18030.so
linking transcoder gbk.so
linking transcoder iso2022.so
linking transcoder japanese.so
linking transcoder japanese_euc.so
configuring etc
linking transcoder japanese_sjis.so
linking transcoder korean.so
linking transcoder single_byte.so
linking transcoder utf8_mac.so
linking transcoder utf_16_32.so
make[1]: Leaving directory '/home/gitpod/.rvm/src/ruby-2.5.5'
configuring rbconfig/sizeof
configuring fcntl
configuring -test-/array/resize
configuring -test-/bignum
configuring -test-/bug-3571
configuring -test-/bug-5832
configuring -test-/bug_reporter
configuring -test-/class
configuring -test-/debug
configuring -test-/dln/empty
configuring -test-/exception
configuring -test-/fatal
configuring -test-/file
configuring fiber
configuring json
configuring json/generator
configuring json/parser
configuring -test-/float
configuring -test-/funcall
configuring -test-/gvl/call_without_gvl
configuring -test-/hash
configuring -test-/integer
configuring -test-/iseq_load
configuring -test-/iter
configuring -test-/load/dot.dot
configuring -test-/load/protect
configuring -test-/marshal/compat
configuring -test-/marshal/internal_ivar
configuring -test-/marshal/usr
configuring -test-/memory_status
configuring -test-/method
configuring -test-/notimplement
configuring -test-/num2int
configuring -test-/path_to_class
configuring -test-/popen_deadlock
configuring -test-/postponed_job
configuring -test-/printf
configuring -test-/proc
configuring -test-/rational
configuring -test-/recursion
configuring -test-/regexp
configuring -test-/scan_args
configuring -test-/st/foreach
configuring -test-/st/numhash
configuring -test-/st/update
configuring -test-/string
configuring -test-/struct
configuring -test-/symbol
configuring -test-/thread_fd_close
configuring -test-/time
configuring -test-/tracepoint
configuring -test-/typeddata
configuring -test-/vm
configuring -test-/wait_for_single_fd
configuring syslog
configuring digest
configuring digest/bubblebabble
configuring digest/md5
configuring coverage
configuring racc/cparse
configuring ripper
configuring fiddle
configuring digest/rmd160
configuring digest/sha1
configuring rubyvm
configuring pty
configuring digest/sha2
configuring zlib
configuring socket
configuring stringio
configuring psych
configuring continuation
configuring bigdecimal
configuring objspace
configuring cgi/escape
configuring nkf
configuring strscan
configuring pathname
configuring date
configuring readline
configuring gdbm
configuring openssl
making encs
make[1]: Entering directory '/home/gitpod/.rvm/src/ruby-2.5.5'
make[1]: Nothing to be done for 'encs'.
make[1]: Leaving directory '/home/gitpod/.rvm/src/ruby-2.5.5'
make[1]: Leaving directory '/home/gitpod/.rvm/src/ruby-2.5.5'
generating makefile exts.mk
exts.mk updated
make[1]: Entering directory '/home/gitpod/.rvm/src/ruby-2.5.5'
make[2]: Entering directory '/home/gitpod/.rvm/src/ruby-2.5.5/ext/dbm'
make[2]: Entering directory '/home/gitpod/.rvm/src/ruby-2.5.5/ext/sdbm'
compiling _sdbm.c
compiling dbm.c
compiling init.c
linking shared-object dbm.so
make[2]: Leaving directory '/home/gitpod/.rvm/src/ruby-2.5.5/ext/dbm'
make[2]: Entering directory '/home/gitpod/.rvm/src/ruby-2.5.5/ext/io/console'
compiling console.c
linking shared-object sdbm.so
make[2]: Leaving directory '/home/gitpod/.rvm/src/ruby-2.5.5/ext/sdbm'
installing default console libraries
make[2]: Entering directory '/home/gitpod/.rvm/src/ruby-2.5.5/ext/io/nonblock'
compiling nonblock.c
linking shared-object io/console.so
linking shared-object io/nonblock.so
make[2]: Leaving directory '/home/gitpod/.rvm/src/ruby-2.5.5/ext/io/console'
make[2]: Entering directory '/home/gitpod/.rvm/src/ruby-2.5.5/ext/io/wait'
compiling wait.c
make[2]: Leaving directory '/home/gitpod/.rvm/src/ruby-2.5.5/ext/io/nonblock'
make[2]: Entering directory '/home/gitpod/.rvm/src/ruby-2.5.5/ext/etc'
generating constant definitions
compiling etc.c
linking shared-object io/wait.so
make[2]: Leaving directory '/home/gitpod/.rvm/src/ruby-2.5.5/ext/io/wait'
make[2]: Entering directory '/home/gitpod/.rvm/src/ruby-2.5.5/ext/rbconfig/sizeof'
compiling sizes.c
compiling limits.c
linking shared-object etc.so
make[2]: Leaving directory '/home/gitpod/.rvm/src/ruby-2.5.5/ext/etc'
make[2]: Entering directory '/home/gitpod/.rvm/src/ruby-2.5.5/ext/fcntl'
compiling fcntl.c
linking shared-object rbconfig/sizeof.so
linking shared-object fcntl.so
make[2]: Leaving directory '/home/gitpod/.rvm/src/ruby-2.5.5/ext/rbconfig/sizeof'
make[2]: Entering directory '/home/gitpod/.rvm/src/ruby-2.5.5/ext/-test-/array/resize'
compiling resize.c
make[2]: Leaving directory '/home/gitpod/.rvm/src/ruby-2.5.5/ext/fcntl'
make[2]: Entering directory '/home/gitpod/.rvm/src/ruby-2.5.5/ext/-test-/bignum'
compiling big2str.c
linking shared-object -test-/array/resize.so
make[2]: Leaving directory '/home/gitpod/.rvm/src/ruby-2.5.5/ext/-test-/array/resize'
make[2]: Entering directory '/home/gitpod/.rvm/src/ruby-2.5.5/ext/-test-/bug-3571'
compiling bug.c
compiling bigzero.c
linking shared-object -test-/bug_3571.so
make[2]: Leaving directory '/home/gitpod/.rvm/src/ruby-2.5.5/ext/-test-/bug-3571'
compiling div.c
make[2]: Entering directory '/home/gitpod/.rvm/src/ruby-2.5.5/ext/-test-/bug-5832'
compiling bug.c
linking shared-object -test-/bug_5832.so
compiling intpack.c
make[2]: Leaving directory '/home/gitpod/.rvm/src/ruby-2.5.5/ext/-test-/bug-5832'
make[2]: Entering directory '/home/gitpod/.rvm/src/ruby-2.5.5/ext/-test-/bug_reporter'
compiling bug_reporter.c
linking shared-object -test-/bug_reporter.so
compiling mul.c
make[2]: Leaving directory '/home/gitpod/.rvm/src/ruby-2.5.5/ext/-test-/bug_reporter'
make[2]: Entering directory '/home/gitpod/.rvm/src/ruby-2.5.5/ext/-test-/class'
compiling class2name.c
compiling init.c
compiling init.c
linking shared-object -test-/class.so
make[2]: Leaving directory '/home/gitpod/.rvm/src/ruby-2.5.5/ext/-test-/class'
compiling str2big.c
make[2]: Entering directory '/home/gitpod/.rvm/src/ruby-2.5.5/ext/-test-/debug'
compiling inspector.c
compiling init.c
linking shared-object -test-/bignum.so
make[2]: Leaving directory '/home/gitpod/.rvm/src/ruby-2.5.5/ext/-test-/bignum'
make[2]: Entering directory '/home/gitpod/.rvm/src/ruby-2.5.5/ext/-test-/dln/empty'
compiling empty.c
compiling profile_frames.c
linking shared-object -test-/dln/empty.so
make[2]: Leaving directory '/home/gitpod/.rvm/src/ruby-2.5.5/ext/-test-/dln/empty'
make[2]: Entering directory '/home/gitpod/.rvm/src/ruby-2.5.5/ext/-test-/exception'
compiling dataerror.c
linking shared-object -test-/debug.so
compiling init.c
make[2]: Leaving directory '/home/gitpod/.rvm/src/ruby-2.5.5/ext/-test-/debug'
make[2]: Entering directory '/home/gitpod/.rvm/src/ruby-2.5.5/ext/-test-/fatal'
compiling rb_fatal.c
compiling enc_raise.c
linking shared-object -test-/fatal/rb_fatal.so
make[2]: Leaving directory '/home/gitpod/.rvm/src/ruby-2.5.5/ext/-test-/fatal'
make[2]: Entering directory '/home/gitpod/.rvm/src/ruby-2.5.5/ext/-test-/file'
compiling stat.c
compiling ensured.c
compiling init.c
linking shared-object -test-/exception.so
make[2]: Leaving directory '/home/gitpod/.rvm/src/ruby-2.5.5/ext/-test-/exception'
compiling fs.c
make[2]: Entering directory '/home/gitpod/.rvm/src/ruby-2.5.5/ext/-test-/float'
compiling init.c
compiling nextafter.c
linking shared-object -test-/file.so
make[2]: Leaving directory '/home/gitpod/.rvm/src/ruby-2.5.5/ext/-test-/file'
make[2]: Entering directory '/home/gitpod/.rvm/src/ruby-2.5.5/ext/-test-/funcall'
compiling funcall.c
linking shared-object -test-/float.so
make[2]: Leaving directory '/home/gitpod/.rvm/src/ruby-2.5.5/ext/-test-/float'
make[2]: Entering directory '/home/gitpod/.rvm/src/ruby-2.5.5/ext/-test-/gvl/call_without_gvl'
compiling call_without_gvl.c
linking shared-object -test-/funcall.so
make[2]: Leaving directory '/home/gitpod/.rvm/src/ruby-2.5.5/ext/-test-/funcall'
make[2]: Entering directory '/home/gitpod/.rvm/src/ruby-2.5.5/ext/-test-/hash'
compiling delete.c
linking shared-object -test-/gvl/call_without_gvl.so
make[2]: Leaving directory '/home/gitpod/.rvm/src/ruby-2.5.5/ext/-test-/gvl/call_without_gvl'
compiling init.c
make[2]: Entering directory '/home/gitpod/.rvm/src/ruby-2.5.5/ext/-test-/integer'
compiling my_integer.c
compiling core_ext.c
linking shared-object -test-/hash.so
make[2]: Leaving directory '/home/gitpod/.rvm/src/ruby-2.5.5/ext/-test-/hash'
make[2]: Entering directory '/home/gitpod/.rvm/src/ruby-2.5.5/ext/-test-/iseq_load'
compiling iseq_load.c
compiling init.c
linking shared-object -test-/iseq_load.so
make[2]: Leaving directory '/home/gitpod/.rvm/src/ruby-2.5.5/ext/-test-/iseq_load'
make[2]: Entering directory '/home/gitpod/.rvm/src/ruby-2.5.5/ext/-test-/iter'
compiling break.c
linking shared-object -test-/integer.so
make[2]: Leaving directory '/home/gitpod/.rvm/src/ruby-2.5.5/ext/-test-/integer'
make[2]: Entering directory '/home/gitpod/.rvm/src/ruby-2.5.5/ext/-test-/load/dot.dot'
compiling dot.dot.c
linking shared-object -test-/load/dot.dot.so
compiling init.c
make[2]: Leaving directory '/home/gitpod/.rvm/src/ruby-2.5.5/ext/-test-/load/dot.dot'
make[2]: Entering directory '/home/gitpod/.rvm/src/ruby-2.5.5/ext/-test-/load/protect'
compiling protect.c
compiling yield.c
linking shared-object -test-/load/protect.so
make[2]: Leaving directory '/home/gitpod/.rvm/src/ruby-2.5.5/ext/-test-/load/protect'
make[2]: Entering directory '/home/gitpod/.rvm/src/ruby-2.5.5/ext/-test-/marshal/compat'
compiling usrcompat.c
linking shared-object -test-/iter.so
make[2]: Leaving directory '/home/gitpod/.rvm/src/ruby-2.5.5/ext/-test-/iter'
make[2]: Entering directory '/home/gitpod/.rvm/src/ruby-2.5.5/ext/-test-/marshal/internal_ivar'
compiling internal_ivar.c
linking shared-object -test-/marshal/compat.so
make[2]: Leaving directory '/home/gitpod/.rvm/src/ruby-2.5.5/ext/-test-/marshal/compat'
make[2]: Entering directory '/home/gitpod/.rvm/src/ruby-2.5.5/ext/-test-/marshal/usr'
compiling usrmarshal.c
linking shared-object -test-/marshal/internal_ivar.so
make[2]: Leaving directory '/home/gitpod/.rvm/src/ruby-2.5.5/ext/-test-/marshal/internal_ivar'
make[2]: Entering directory '/home/gitpod/.rvm/src/ruby-2.5.5/ext/-test-/method'
compiling arity.c
linking shared-object -test-/marshal/usr.so
make[2]: Leaving directory '/home/gitpod/.rvm/src/ruby-2.5.5/ext/-test-/marshal/usr'
make[2]: Entering directory '/home/gitpod/.rvm/src/ruby-2.5.5/ext/-test-/notimplement'
compiling bug.c
compiling init.c
linking shared-object -test-/notimplement.so
linking shared-object -test-/method.so
make[2]: Leaving directory '/home/gitpod/.rvm/src/ruby-2.5.5/ext/-test-/notimplement'
make[2]: Entering directory '/home/gitpod/.rvm/src/ruby-2.5.5/ext/-test-/num2int'
compiling num2int.c
make[2]: Leaving directory '/home/gitpod/.rvm/src/ruby-2.5.5/ext/-test-/method'
make[2]: Entering directory '/home/gitpod/.rvm/src/ruby-2.5.5/ext/-test-/path_to_class'
compiling path_to_class.c
linking shared-object -test-/path_to_class.so
linking shared-object -test-/num2int.so
make[2]: Leaving directory '/home/gitpod/.rvm/src/ruby-2.5.5/ext/-test-/path_to_class'
make[2]: Entering directory '/home/gitpod/.rvm/src/ruby-2.5.5/ext/-test-/popen_deadlock'
compiling infinite_loop_dlsym.c
make[2]: Leaving directory '/home/gitpod/.rvm/src/ruby-2.5.5/ext/-test-/num2int'
make[2]: Entering directory '/home/gitpod/.rvm/src/ruby-2.5.5/ext/-test-/postponed_job'
compiling postponed_job.c
linking shared-object -test-/popen_deadlock/infinite_loop_dlsym.so
linking shared-object -test-/postponed_job.so
make[2]: Leaving directory '/home/gitpod/.rvm/src/ruby-2.5.5/ext/-test-/popen_deadlock'
make[2]: Entering directory '/home/gitpod/.rvm/src/ruby-2.5.5/ext/-test-/printf'
compiling printf.c
make[2]: Leaving directory '/home/gitpod/.rvm/src/ruby-2.5.5/ext/-test-/postponed_job'
make[2]: Entering directory '/home/gitpod/.rvm/src/ruby-2.5.5/ext/-test-/proc'
compiling super.c
compiling init.c
linking shared-object -test-/printf.so
make[2]: Leaving directory '/home/gitpod/.rvm/src/ruby-2.5.5/ext/-test-/printf'
compiling receiver.c
make[2]: Entering directory '/home/gitpod/.rvm/src/ruby-2.5.5/ext/-test-/rational'
compiling rat.c
linking shared-object -test-/proc.so
linking shared-object -test-/rational.so
make[2]: Leaving directory '/home/gitpod/.rvm/src/ruby-2.5.5/ext/-test-/proc'
make[2]: Entering directory '/home/gitpod/.rvm/src/ruby-2.5.5/ext/-test-/recursion'
compiling recursion.c
make[2]: Leaving directory '/home/gitpod/.rvm/src/ruby-2.5.5/ext/-test-/rational'
make[2]: Entering directory '/home/gitpod/.rvm/src/ruby-2.5.5/ext/-test-/regexp'
compiling parse_depth_limit.c
linking shared-object -test-/recursion.so
compiling init.c
make[2]: Leaving directory '/home/gitpod/.rvm/src/ruby-2.5.5/ext/-test-/recursion'
make[2]: Entering directory '/home/gitpod/.rvm/src/ruby-2.5.5/ext/-test-/scan_args'
compiling scan_args.c
linking shared-object -test-/regexp.so
make[2]: Leaving directory '/home/gitpod/.rvm/src/ruby-2.5.5/ext/-test-/regexp'
make[2]: Entering directory '/home/gitpod/.rvm/src/ruby-2.5.5/ext/-test-/st/foreach'
compiling foreach.c
linking shared-object -test-/st/foreach.so
make[2]: Leaving directory '/home/gitpod/.rvm/src/ruby-2.5.5/ext/-test-/st/foreach'
make[2]: Entering directory '/home/gitpod/.rvm/src/ruby-2.5.5/ext/-test-/st/numhash'
compiling numhash.c
linking shared-object -test-/st/numhash.so
make[2]: Leaving directory '/home/gitpod/.rvm/src/ruby-2.5.5/ext/-test-/st/numhash'
make[2]: Entering directory '/home/gitpod/.rvm/src/ruby-2.5.5/ext/-test-/st/update'
compiling update.c
linking shared-object -test-/st/update.so
make[2]: Leaving directory '/home/gitpod/.rvm/src/ruby-2.5.5/ext/-test-/st/update'
make[2]: Entering directory '/home/gitpod/.rvm/src/ruby-2.5.5/ext/-test-/string'
compiling nofree.c
linking shared-object -test-/scan_args.so
make[2]: Leaving directory '/home/gitpod/.rvm/src/ruby-2.5.5/ext/-test-/scan_args'
make[2]: Entering directory '/home/gitpod/.rvm/src/ruby-2.5.5/ext/-test-/struct'
compiling duplicate.c
compiling enc_associate.c
compiling member.c
compiling coderange.c
compiling init.c
compiling ellipsize.c
compiling len.c
compiling modify.c
linking shared-object -test-/struct.so
make[2]: Leaving directory '/home/gitpod/.rvm/src/ruby-2.5.5/ext/-test-/struct'
compiling normalize.c
compiling capacity.c
make[2]: Entering directory '/home/gitpod/.rvm/src/ruby-2.5.5/ext/-test-/symbol'
compiling type.c
compiling new.c
compiling fstring.c
compiling init.c
compiling enc_str_buf_cat.c
linking shared-object -test-/symbol.so
make[2]: Leaving directory '/home/gitpod/.rvm/src/ruby-2.5.5/ext/-test-/symbol'
make[2]: Entering directory '/home/gitpod/.rvm/src/ruby-2.5.5/ext/-test-/thread_fd_close'
compiling thread_fd_close.c
compiling set_len.c
linking shared-object -test-/thread_fd_close.so
make[2]: Leaving directory '/home/gitpod/.rvm/src/ruby-2.5.5/ext/-test-/thread_fd_close'
compiling qsort.c
make[2]: Entering directory '/home/gitpod/.rvm/src/ruby-2.5.5/ext/-test-/time'
compiling new.c
compiling init.c
compiling init.c
linking shared-object -test-/time.so
compiling cstr.c
make[2]: Leaving directory '/home/gitpod/.rvm/src/ruby-2.5.5/ext/-test-/time'
make[2]: Entering directory '/home/gitpod/.rvm/src/ruby-2.5.5/ext/-test-/tracepoint'
compiling gc_hook.c
compiling tracepoint.c
linking shared-object -test-/string.so
linking shared-object -test-/tracepoint.so
make[2]: Leaving directory '/home/gitpod/.rvm/src/ruby-2.5.5/ext/-test-/string'
make[2]: Entering directory '/home/gitpod/.rvm/src/ruby-2.5.5/ext/-test-/typeddata'
compiling typeddata.c
make[2]: Leaving directory '/home/gitpod/.rvm/src/ruby-2.5.5/ext/-test-/tracepoint'
make[2]: Entering directory '/home/gitpod/.rvm/src/ruby-2.5.5/ext/-test-/vm'
compiling at_exit.c
linking shared-object -test-/typeddata.so
linking shared-object -test-/vm/at_exit.so
make[2]: Leaving directory '/home/gitpod/.rvm/src/ruby-2.5.5/ext/-test-/typeddata'
make[2]: Entering directory '/home/gitpod/.rvm/src/ruby-2.5.5/ext/-test-/wait_for_single_fd'
compiling wait_for_single_fd.c
make[2]: Leaving directory '/home/gitpod/.rvm/src/ruby-2.5.5/ext/-test-/vm'
make[2]: Entering directory '/home/gitpod/.rvm/src/ruby-2.5.5/ext/fiber'
compiling fiber.c
linking shared-object fiber.so
make[2]: Leaving directory '/home/gitpod/.rvm/src/ruby-2.5.5/ext/fiber'
make[2]: Entering directory '/home/gitpod/.rvm/src/ruby-2.5.5/ext/json'
make[2]: Leaving directory '/home/gitpod/.rvm/src/ruby-2.5.5/ext/json'
make[2]: Entering directory '/home/gitpod/.rvm/src/ruby-2.5.5/ext/json/generator'
compiling generator.c
linking shared-object -test-/wait_for_single_fd.so
make[2]: Leaving directory '/home/gitpod/.rvm/src/ruby-2.5.5/ext/-test-/wait_for_single_fd'
make[2]: Entering directory '/home/gitpod/.rvm/src/ruby-2.5.5/ext/json/parser'
compiling parser.c
linking shared-object json/ext/parser.so
make[2]: Leaving directory '/home/gitpod/.rvm/src/ruby-2.5.5/ext/json/parser'
make[2]: Entering directory '/home/gitpod/.rvm/src/ruby-2.5.5/ext/syslog'
compiling syslog.c
linking shared-object syslog.so
installing default syslog libraries
make[2]: Leaving directory '/home/gitpod/.rvm/src/ruby-2.5.5/ext/syslog'
make[2]: Entering directory '/home/gitpod/.rvm/src/ruby-2.5.5/ext/digest'
compiling digest.c
linking shared-object json/ext/generator.so
make[2]: Leaving directory '/home/gitpod/.rvm/src/ruby-2.5.5/ext/json/generator'
make[2]: Entering directory '/home/gitpod/.rvm/src/ruby-2.5.5/ext/digest/bubblebabble'
compiling bubblebabble.c
installing default digest libraries
linking shared-object digest.so
linking shared-object digest/bubblebabble.so
make[2]: Leaving directory '/home/gitpod/.rvm/src/ruby-2.5.5/ext/digest/bubblebabble'
make[2]: Entering directory '/home/gitpod/.rvm/src/ruby-2.5.5/ext/digest/md5'
compiling md5init.c
installing digest libraries
make[2]: Leaving directory '/home/gitpod/.rvm/src/ruby-2.5.5/ext/digest'
make[2]: Entering directory '/home/gitpod/.rvm/src/ruby-2.5.5/ext/digest/rmd160'
compiling rmd160init.c
md5init.c:20:5: warning: cast between incompatible function types from ‘int (*)(MD5_CTX *, const void *, size_t)’ {aka ‘int (*)(struct MD5state_st *, const void *, long unsigned int)’} to ‘void (*)(void *, unsigned char *, size_t)’ {aka ‘void (*)(void *, unsigned char *, long unsigned int)’} [-Wcast-function-type]
     (rb_digest_hash_update_func_t)MD5_Update,
     ^
rmd160init.c:18:5: warning: cast between incompatible function types from ‘int (*)(RIPEMD160_CTX *, const void *, size_t)’ {aka ‘int (*)(struct RIPEMD160state_st *, const void *, long unsigned int)’} to ‘void (*)(void *, unsigned char *, size_t)’ {aka ‘void (*)(void *, unsigned char *, long unsigned int)’} [-Wcast-function-type]
     (rb_digest_hash_update_func_t)RMD160_Update,
     ^
cc1: warning: unrecognized command line option ‘-Wno-self-assign’
cc1: warning: unrecognized command line option ‘-Wno-constant-logical-operand’
cc1: warning: unrecognized command line option ‘-Wno-parentheses-equality’
cc1: warning: unrecognized command line option ‘-Wno-self-assign’
cc1: warning: unrecognized command line option ‘-Wno-constant-logical-operand’
cc1: warning: unrecognized command line option ‘-Wno-parentheses-equality’
linking shared-object digest/md5.so
linking shared-object digest/rmd160.so
make[2]: Leaving directory '/home/gitpod/.rvm/src/ruby-2.5.5/ext/digest/md5'
make[2]: Entering directory '/home/gitpod/.rvm/src/ruby-2.5.5/ext/digest/sha1'
compiling sha1init.c
make[2]: Leaving directory '/home/gitpod/.rvm/src/ruby-2.5.5/ext/digest/rmd160'
make[2]: Entering directory '/home/gitpod/.rvm/src/ruby-2.5.5/ext/digest/sha2'
compiling sha2init.c
sha1init.c:20:5: warning: cast between incompatible function types from ‘int (*)(SHA_CTX *, const void *, size_t)’ {aka ‘int (*)(struct SHAstate_st *, const void *, long unsigned int)’} to ‘void (*)(void *, unsigned char *, size_t)’ {aka ‘void (*)(void *, unsigned char *, long unsigned int)’} [-Wcast-function-type]
     (rb_digest_hash_update_func_t)SHA1_Update,
     ^
sha2init.c:23:5: warning: cast between incompatible function types from ‘int (*)(SHA256_CTX *, const void *, size_t)’ {aka ‘int (*)(struct SHA256state_st *, const void *, long unsigned int)’} to ‘void (*)(void *, unsigned char *, size_t)’ {aka ‘void (*)(void *, unsigned char *, long unsigned int)’} [-Wcast-function-type]
     (rb_digest_hash_update_func_t)SHA##bitlen##_Update, \
     ^
sha2init.c:14:30: note: in expansion of macro ‘DEFINE_ALGO_METADATA’
 #define FOREACH_BITLEN(func) func(256) func(384) func(512)
                              ^~~~
sha2init.c:27:1: note: in expansion of macro ‘FOREACH_BITLEN’
 FOREACH_BITLEN(DEFINE_ALGO_METADATA)
 ^~~~~~~~~~~~~~
sha2init.c:23:5: warning: cast between incompatible function types from ‘int (*)(SHA512_CTX *, const void *, size_t)’ {aka ‘int (*)(struct SHA512state_st *, const void *, long unsigned int)’} to ‘void (*)(void *, unsigned char *, size_t)’ {aka ‘void (*)(void *, unsigned char *, long unsigned int)’} [-Wcast-function-type]
     (rb_digest_hash_update_func_t)SHA##bitlen##_Update, \
     ^
sha2init.c:14:40: note: in expansion of macro ‘DEFINE_ALGO_METADATA’
 #define FOREACH_BITLEN(func) func(256) func(384) func(512)
                                        ^~~~
sha2init.c:27:1: note: in expansion of macro ‘FOREACH_BITLEN’
 FOREACH_BITLEN(DEFINE_ALGO_METADATA)
 ^~~~~~~~~~~~~~
sha2init.c:23:5: warning: cast between incompatible function types from ‘int (*)(SHA512_CTX *, const void *, size_t)’ {aka ‘int (*)(struct SHA512state_st *, const void *, long unsigned int)’} to ‘void (*)(void *, unsigned char *, size_t)’ {aka ‘void (*)(void *, unsigned char *, long unsigned int)’} [-Wcast-function-type]
     (rb_digest_hash_update_func_t)SHA##bitlen##_Update, \
     ^
sha2init.c:14:50: note: in expansion of macro ‘DEFINE_ALGO_METADATA’
 #define FOREACH_BITLEN(func) func(256) func(384) func(512)
                                                  ^~~~
sha2init.c:27:1: note: in expansion of macro ‘FOREACH_BITLEN’
 FOREACH_BITLEN(DEFINE_ALGO_METADATA)
 ^~~~~~~~~~~~~~
cc1: warning: unrecognized command line option ‘-Wno-self-assign’
cc1: warning: unrecognized command line option ‘-Wno-constant-logical-operand’
cc1: warning: unrecognized command line option ‘-Wno-parentheses-equality’
cc1: warning: unrecognized command line option ‘-Wno-self-assign’
cc1: warning: unrecognized command line option ‘-Wno-constant-logical-operand’
cc1: warning: unrecognized command line option ‘-Wno-parentheses-equality’
linking shared-object digest/sha1.so
linking shared-object digest/sha2.so
make[2]: Leaving directory '/home/gitpod/.rvm/src/ruby-2.5.5/ext/digest/sha1'
make[2]: Entering directory '/home/gitpod/.rvm/src/ruby-2.5.5/ext/coverage'
compiling coverage.c
installing default sha2 libraries
make[2]: Leaving directory '/home/gitpod/.rvm/src/ruby-2.5.5/ext/digest/sha2'
make[2]: Entering directory '/home/gitpod/.rvm/src/ruby-2.5.5/ext/racc/cparse'
compiling cparse.c
linking shared-object coverage.so
make[2]: Leaving directory '/home/gitpod/.rvm/src/ruby-2.5.5/ext/coverage'
make[2]: Entering directory '/home/gitpod/.rvm/src/ruby-2.5.5/ext/ripper'
compiling ripper.c
linking shared-object racc/cparse.so
make[2]: Leaving directory '/home/gitpod/.rvm/src/ruby-2.5.5/ext/racc/cparse'
make[2]: Entering directory '/home/gitpod/.rvm/src/ruby-2.5.5/ext/fiddle'
compiling closure.c
compiling conversions.c
compiling fiddle.c
compiling function.c
compiling handle.c
compiling pointer.c
linking shared-object fiddle.so
make[2]: Leaving directory '/home/gitpod/.rvm/src/ruby-2.5.5/ext/fiddle'
checking ../.././parse.y and ../.././ext/ripper/eventids2.c
make[2]: Entering directory '/home/gitpod/.rvm/src/ruby-2.5.5/ext/rubyvm'
installing default libraries
make[2]: Leaving directory '/home/gitpod/.rvm/src/ruby-2.5.5/ext/rubyvm'
make[2]: Entering directory '/home/gitpod/.rvm/src/ruby-2.5.5/ext/pty'
compiling pty.c
installing default pty libraries
linking shared-object pty.so
make[2]: Leaving directory '/home/gitpod/.rvm/src/ruby-2.5.5/ext/pty'
make[2]: Entering directory '/home/gitpod/.rvm/src/ruby-2.5.5/ext/zlib'
compiling zlib.c
zlib.c: In function ‘zstream_expand_buffer_protect’:
zlib.c:679:16: warning: cast between incompatible function types from ‘void (*)(struct zstream *)’ to ‘VALUE (*)(VALUE)’ {aka ‘long unsigned int (*)(long unsigned int)’} [-Wcast-function-type]
     rb_protect((VALUE (*)(VALUE))zstream_expand_buffer, (VALUE)z, &state);
                ^
zlib.c: In function ‘zlib_gzip_ensure’:
zlib.c:4257:15: warning: cast between incompatible function types from ‘void (*)(struct gzfile *)’ to ‘VALUE (*)()’ {aka ‘long unsigned int (*)()’} [-Wcast-function-type]
     rb_rescue((VALUE(*)())gz->end, arg, NULL, Qnil);
               ^
zlib.c: At top level:
cc1: warning: unrecognized command line option ‘-Wno-self-assign’
cc1: warning: unrecognized command line option ‘-Wno-constant-logical-operand’
cc1: warning: unrecognized command line option ‘-Wno-parentheses-equality’
linking shared-object zlib.so
make[2]: Leaving directory '/home/gitpod/.rvm/src/ruby-2.5.5/ext/zlib'
make[2]: Entering directory '/home/gitpod/.rvm/src/ruby-2.5.5/ext/socket'
compiling init.c
compiling constants.c
compiling basicsocket.c
compiling socket.c
compiling ipsocket.c
installing default ripper libraries
linking shared-object ripper.so
make[2]: Leaving directory '/home/gitpod/.rvm/src/ruby-2.5.5/ext/ripper'
make[2]: Entering directory '/home/gitpod/.rvm/src/ruby-2.5.5/ext/stringio'
compiling stringio.c
compiling tcpsocket.c
compiling tcpserver.c
compiling sockssocket.c
compiling udpsocket.c
linking shared-object stringio.so
make[2]: Leaving directory '/home/gitpod/.rvm/src/ruby-2.5.5/ext/stringio'
make[2]: Entering directory '/home/gitpod/.rvm/src/ruby-2.5.5/ext/psych'
compiling psych.c
compiling unixsocket.c
compiling psych_emitter.c
compiling unixserver.c
compiling psych_parser.c
compiling option.c
compiling psych_to_ruby.c
compiling psych_yaml_tree.c
compiling ancdata.c
linking shared-object psych.so
make[2]: Leaving directory '/home/gitpod/.rvm/src/ruby-2.5.5/ext/psych'
make[2]: Entering directory '/home/gitpod/.rvm/src/ruby-2.5.5/ext/continuation'
compiling continuation.c
linking shared-object continuation.so
make[2]: Leaving directory '/home/gitpod/.rvm/src/ruby-2.5.5/ext/continuation'
make[2]: Entering directory '/home/gitpod/.rvm/src/ruby-2.5.5/ext/bigdecimal'
compiling bigdecimal.c
compiling raddrinfo.c
compiling ifaddr.c
installing default socket libraries
linking shared-object socket.so
make[2]: Leaving directory '/home/gitpod/.rvm/src/ruby-2.5.5/ext/socket'
make[2]: Entering directory '/home/gitpod/.rvm/src/ruby-2.5.5/ext/objspace'
compiling object_tracing.c
compiling objspace.c
compiling objspace_dump.c
linking shared-object bigdecimal.so
installing default bigdecimal libraries
make[2]: Leaving directory '/home/gitpod/.rvm/src/ruby-2.5.5/ext/bigdecimal'
make[2]: Entering directory '/home/gitpod/.rvm/src/ruby-2.5.5/ext/cgi/escape'
compiling escape.c
linking shared-object objspace.so
linking shared-object cgi/escape.so
make[2]: Leaving directory '/home/gitpod/.rvm/src/ruby-2.5.5/ext/cgi/escape'
make[2]: Entering directory '/home/gitpod/.rvm/src/ruby-2.5.5/ext/nkf'
make[2]: Leaving directory '/home/gitpod/.rvm/src/ruby-2.5.5/ext/objspace'
compiling nkf.c
installing default nkf libraries
make[2]: Entering directory '/home/gitpod/.rvm/src/ruby-2.5.5/ext/strscan'
compiling strscan.c
linking shared-object strscan.so
make[2]: Leaving directory '/home/gitpod/.rvm/src/ruby-2.5.5/ext/strscan'
make[2]: Entering directory '/home/gitpod/.rvm/src/ruby-2.5.5/ext/pathname'
compiling pathname.c
installing default pathname libraries
linking shared-object pathname.so
make[2]: Leaving directory '/home/gitpod/.rvm/src/ruby-2.5.5/ext/pathname'
make[2]: Entering directory '/home/gitpod/.rvm/src/ruby-2.5.5/ext/date'
compiling date_core.c
linking shared-object nkf.so
make[2]: Leaving directory '/home/gitpod/.rvm/src/ruby-2.5.5/ext/nkf'
make[2]: Entering directory '/home/gitpod/.rvm/src/ruby-2.5.5/ext/readline'
compiling readline.c
linking shared-object readline.so
make[2]: Leaving directory '/home/gitpod/.rvm/src/ruby-2.5.5/ext/readline'
make[2]: Entering directory '/home/gitpod/.rvm/src/ruby-2.5.5/ext/gdbm'
compiling gdbm.c
linking shared-object gdbm.so
make[2]: Leaving directory '/home/gitpod/.rvm/src/ruby-2.5.5/ext/gdbm'
make[2]: Entering directory '/home/gitpod/.rvm/src/ruby-2.5.5/ext/openssl'
compiling openssl_missing.c
compiling ossl.c
ossl.c: In function ‘ossl_protect_x509_ary2sk’:
ossl.c:47:6: warning: cast between incompatible function types from ‘struct stack_st_X509 * (*)(VALUE)’ {aka ‘struct stack_st_X509 * (*)(long unsigned int)’} to ‘VALUE (*)(VALUE)’ {aka ‘long unsigned int (*)(long unsigned int)’} [-Wcast-function-type]
      (VALUE (*)(VALUE))ossl_##name##_ary2sk0,  \
      ^
ossl.c:63:1: note: in expansion of macro ‘OSSL_IMPL_ARY2SK’
 OSSL_IMPL_ARY2SK(x509, X509, cX509Cert, DupX509CertPtr)
 ^~~~~~~~~~~~~~~~
ossl.c: At top level:
cc1: warning: unrecognized command line option ‘-Wno-self-assign’
cc1: warning: unrecognized command line option ‘-Wno-constant-logical-operand’
cc1: warning: unrecognized command line option ‘-Wno-parentheses-equality’
compiling ossl_asn1.c
ossl_asn1.c: In function ‘decode_int’:
ossl_asn1.c:328:22: warning: cast between incompatible function types from ‘VALUE (*)(const ASN1_INTEGER *)’ {aka ‘long unsigned int (*)(const struct asn1_string_st *)’} to ‘VALUE (*)(VALUE)’ {aka ‘long unsigned int (*)(long unsigned int)’} [-Wcast-function-type]
     ret = rb_protect((VALUE (*)(VALUE))asn1integer_to_num,
                      ^
ossl_asn1.c: In function ‘decode_enum’:
ossl_asn1.c:368:22: warning: cast between incompatible function types from ‘VALUE (*)(const ASN1_INTEGER *)’ {aka ‘long unsigned int (*)(const struct asn1_string_st *)’} to ‘VALUE (*)(VALUE)’ {aka ‘long unsigned int (*)(long unsigned int)’} [-Wcast-function-type]
     ret = rb_protect((VALUE (*)(VALUE))asn1integer_to_num,
                      ^
ossl_asn1.c: In function ‘decode_time’:
ossl_asn1.c:430:22: warning: cast between incompatible function types from ‘VALUE (*)(const ASN1_TIME *)’ {aka ‘long unsigned int (*)(const struct asn1_string_st *)’} to ‘VALUE (*)(VALUE)’ {aka ‘long unsigned int (*)(long unsigned int)’} [-Wcast-function-type]
     ret = rb_protect((VALUE (*)(VALUE))asn1time_to_time,
                      ^
ossl_asn1.c: At top level:
cc1: warning: unrecognized command line option ‘-Wno-self-assign’
cc1: warning: unrecognized command line option ‘-Wno-constant-logical-operand’
cc1: warning: unrecognized command line option ‘-Wno-parentheses-equality’
compiling ossl_bio.c
compiling ossl_bn.c
compiling date_parse.c
compiling ossl_cipher.c
ossl_cipher.c: In function ‘ossl_s_ciphers’:
ossl_cipher.c:172:21: warning: cast between incompatible function types from ‘void * (*)(const OBJ_NAME *, VALUE)’ {aka ‘void * (*)(const struct obj_name_st *, long unsigned int)’} to ‘void (*)(const OBJ_NAME *, void *)’ {aka ‘void (*)(const struct obj_name_st *, void *)’} [-Wcast-function-type]
                     (void(*)(const OBJ_NAME*,void*))add_cipher_name_to_ary,
                     ^
ossl_cipher.c: At top level:
cc1: warning: unrecognized command line option ‘-Wno-self-assign’
cc1: warning: unrecognized command line option ‘-Wno-constant-logical-operand’
cc1: warning: unrecognized command line option ‘-Wno-parentheses-equality’
compiling ossl_config.c
compiling ossl_digest.c
compiling ossl_engine.c
compiling date_strftime.c
compiling ossl_hmac.c
compiling date_strptime.c
compiling ossl_kdf.c
compiling ossl_ns_spki.c
installing default date_core libraries
linking shared-object date_core.so
make[2]: Leaving directory '/home/gitpod/.rvm/src/ruby-2.5.5/ext/date'
compiling ossl_ocsp.c
compiling ossl_pkcs12.c
ossl_pkcs12.c: In function ‘ossl_pkcs12_initialize’:
ossl_pkcs12.c:189:20: warning: cast between incompatible function types from ‘VALUE (*)(EVP_PKEY *)’ {aka ‘long unsigned int (*)(struct evp_pkey_st *)’} to ‘VALUE (*)(VALUE)’ {aka ‘long unsigned int (*)(long unsigned int)’} [-Wcast-function-type]
  pkey = rb_protect((VALUE (*)(VALUE))ossl_pkey_new, (VALUE)key, &st);
                    ^
ossl_pkcs12.c:193:20: warning: cast between incompatible function types from ‘VALUE (*)(X509 *)’ {aka ‘long unsigned int (*)(struct x509_st *)’} to ‘VALUE (*)(VALUE)’ {aka ‘long unsigned int (*)(long unsigned int)’} [-Wcast-function-type]
  cert = rb_protect((VALUE (*)(VALUE))ossl_x509_new, (VALUE)x509, &st);
                    ^
ossl_pkcs12.c:197:18: warning: cast between incompatible function types from ‘VALUE (*)(const struct stack_st_X509 *)’ {aka ‘long unsigned int (*)(const struct stack_st_X509 *)’} to ‘VALUE (*)(VALUE)’ {aka ‘long unsigned int (*)(long unsigned int)’} [-Wcast-function-type]
  ca = rb_protect((VALUE (*)(VALUE))ossl_x509_sk2ary, (VALUE)x509s, &st);
                  ^
ossl_pkcs12.c: At top level:
cc1: warning: unrecognized command line option ‘-Wno-self-assign’
cc1: warning: unrecognized command line option ‘-Wno-constant-logical-operand’
cc1: warning: unrecognized command line option ‘-Wno-parentheses-equality’
compiling ossl_pkcs7.c
compiling ossl_pkey.c
ossl_pkey.c: In function ‘ossl_pkey_new’:
ossl_pkey.c:134:22: warning: cast between incompatible function types from ‘VALUE (*)(EVP_PKEY *)’ {aka ‘long unsigned int (*)(struct evp_pkey_st *)’} to ‘VALUE (*)(VALUE)’ {aka ‘long unsigned int (*)(long unsigned int)’} [-Wcast-function-type]
     obj = rb_protect((VALUE (*)(VALUE))pkey_new0, (VALUE)pkey, &status);
                      ^
ossl_pkey.c: At top level:
cc1: warning: unrecognized command line option ‘-Wno-self-assign’
cc1: warning: unrecognized command line option ‘-Wno-constant-logical-operand’
cc1: warning: unrecognized command line option ‘-Wno-parentheses-equality’
compiling ossl_pkey_dh.c
compiling ossl_pkey_dsa.c
compiling ossl_pkey_ec.c
compiling ossl_pkey_rsa.c
compiling ossl_rand.c
compiling ossl_ssl.c
ossl_ssl.c: In function ‘ossl_tmp_dh_callback’:
ossl_ssl.c:277:35: warning: cast between incompatible function types from ‘EVP_PKEY * (*)(struct tmp_dh_callback_args *)’ {aka ‘struct evp_pkey_st * (*)(struct tmp_dh_callback_args *)’} to ‘VALUE (*)(VALUE)’ {aka ‘long unsigned int (*)(long unsigned int)’} [-Wcast-function-type]
     pkey = (EVP_PKEY *)rb_protect((VALUE (*)(VALUE))ossl_call_tmp_dh_callback,
                                   ^
compiling ossl_ssl_session.c
compiling ossl_x509.c
compiling ossl_x509attr.c
ossl_ssl.c: At top level:
cc1: warning: unrecognized command line option ‘-Wno-self-assign’
cc1: warning: unrecognized command line option ‘-Wno-constant-logical-operand’
cc1: warning: unrecognized command line option ‘-Wno-parentheses-equality’
compiling ossl_x509cert.c
compiling ossl_x509crl.c
compiling ossl_x509ext.c
compiling ossl_x509name.c
compiling ossl_x509req.c
compiling ossl_x509revoked.c
compiling ossl_x509store.c
ossl_x509store.c: In function ‘ossl_verify_cb_call’:
ossl_x509store.c:72:23: warning: cast between incompatible function types from ‘VALUE (*)(X509_STORE_CTX *)’ {aka ‘long unsigned int (*)(struct x509_store_ctx_st *)’} to ‘VALUE (*)(VALUE)’ {aka ‘long unsigned int (*)(long unsigned int)’} [-Wcast-function-type]
     rctx = rb_protect((VALUE(*)(VALUE))ossl_x509stctx_new, (VALUE)ctx, &state);
                       ^
ossl_x509store.c:81:19: warning: cast between incompatible function types from ‘VALUE (*)(struct ossl_verify_cb_args *)’ {aka ‘long unsigned int (*)(struct ossl_verify_cb_args *)’} to ‘VALUE (*)(VALUE)’ {aka ‘long unsigned int (*)(long unsigned int)’} [-Wcast-function-type]
  ret = rb_protect((VALUE(*)(VALUE))call_verify_cb_proc, (VALUE)&args, &state);
                   ^
ossl_x509store.c: At top level:
cc1: warning: unrecognized command line option ‘-Wno-self-assign’
cc1: warning: unrecognized command line option ‘-Wno-constant-logical-operand’
cc1: warning: unrecognized command line option ‘-Wno-parentheses-equality’
linking shared-object openssl.so
make[2]: Leaving directory '/home/gitpod/.rvm/src/ruby-2.5.5/ext/openssl'
make[2]: Entering directory '/home/gitpod/.rvm/src/ruby-2.5.5'
linking shared-library libruby.so.2.5.5
linking ruby
make[2]: Leaving directory '/home/gitpod/.rvm/src/ruby-2.5.5'
make[1]: Leaving directory '/home/gitpod/.rvm/src/ruby-2.5.5'
make[1]: Entering directory '/home/gitpod/.rvm/src/ruby-2.5.5'
make[1]: Nothing to be done for 'note'.
make[1]: Leaving directory '/home/gitpod/.rvm/src/ruby-2.5.5'
