[2019-09-03 13:44:51] requirements_debian_update_system
requirements_debian_update_system () 
{ 
    __rvm_try_sudo apt-get --quiet --yes update || { 
        \typeset __ret=$?;
        case ${__ret} in 
            100)
                rvm_error "There has been an error while updating your system using \`apt-get\`.
It seems that there are some 404 Not Found errors for repositories listed in:

    /etc/apt/sources.list
    /etc/apt/sources.list.d/*.list

Make sure that all repositories are available from your system and verify your setup by running manually:

    sudo apt-get update

Make sure that it works correctly before proceeding with RVM.

If you are working from the GUI instead of the terminal, you might want to verify and fix broken
repositories using \"Software & Updates\" application.
"
            ;;
        esac;
        return ${__ret}
    }
}
current path: /home/gitpod
PATH=/home/gitpod/.sdkman/candidates/maven/current/bin:/home/gitpod/.sdkman/candidates/java/current/bin:/home/gitpod/.sdkman/candidates/gradle/current/bin:/home/gitpod/.pyenv/bin:/home/gitpod/.pyenv/shims:/home/gitpod/.nvm/versions/node/v10.15.3/bin:/workspace/go/bin:/home/gitpod/go/bin:/home/gitpod/go-packages/bin:/usr/local/sbin:/usr/local/bin:/usr/sbin:/usr/bin:/sbin:/bin:/home/gitpod/.rvm/bin
command(2): requirements_debian_update_system 
+ __rvm_try_sudo apt-get --quiet --yes update
+ typeset -a command_to_run
+ typeset sudo_path sbin_path missing_paths
+ command_to_run=("$@")
+ ((  UID == 0  ))
+ case "$rvm_autolibs_flag_number" in
+ is_a_function __rvm_sudo
+ typeset -f __rvm_sudo
+ missing_paths=
+ for sbin_path in /sbin /usr/sbin /usr/local/sbin
+ [[ -d /sbin ]]
+ [[ :/home/gitpod/.sdkman/candidates/maven/current/bin:/home/gitpod/.sdkman/candidates/java/current/bin:/home/gitpod/.sdkman/candidates/gradle/current/bin:/home/gitpod/.pyenv/bin:/home/gitpod/.pyenv/shims:/home/gitpod/.nvm/versions/node/v10.15.3/bin:/workspace/go/bin:/home/gitpod/go/bin:/home/gitpod/go-packages/bin:/usr/local/sbin:/usr/local/bin:/usr/sbin:/usr/bin:/sbin:/bin:/home/gitpod/.rvm/bin: != *\:\/\s\b\i\n\:* ]]
+ for sbin_path in /sbin /usr/sbin /usr/local/sbin
+ [[ -d /usr/sbin ]]
+ [[ :/home/gitpod/.sdkman/candidates/maven/current/bin:/home/gitpod/.sdkman/candidates/java/current/bin:/home/gitpod/.sdkman/candidates/gradle/current/bin:/home/gitpod/.pyenv/bin:/home/gitpod/.pyenv/shims:/home/gitpod/.nvm/versions/node/v10.15.3/bin:/workspace/go/bin:/home/gitpod/go/bin:/home/gitpod/go-packages/bin:/usr/local/sbin:/usr/local/bin:/usr/sbin:/usr/bin:/sbin:/bin:/home/gitpod/.rvm/bin: != *\:\/\u\s\r\/\s\b\i\n\:* ]]
+ for sbin_path in /sbin /usr/sbin /usr/local/sbin
+ [[ -d /usr/local/sbin ]]
+ [[ :/home/gitpod/.sdkman/candidates/maven/current/bin:/home/gitpod/.sdkman/candidates/java/current/bin:/home/gitpod/.sdkman/candidates/gradle/current/bin:/home/gitpod/.pyenv/bin:/home/gitpod/.pyenv/shims:/home/gitpod/.nvm/versions/node/v10.15.3/bin:/workspace/go/bin:/home/gitpod/go/bin:/home/gitpod/go-packages/bin:/usr/local/sbin:/usr/local/bin:/usr/sbin:/usr/bin:/sbin:/bin:/home/gitpod/.rvm/bin: != *\:\/\u\s\r\/\l\o\c\a\l\/\s\b\i\n\:* ]]
+ [[ -n '' ]]
+ command_to_run=(__rvm_sudo -p "%p password required for '$*': " "${command_to_run[@]}")
+ __rvm_sudo -p '%p password required for '\''apt-get --quiet --yes update'\'': ' apt-get --quiet --yes update
+ command sudo -p '%p password required for '\''apt-get --quiet --yes update'\'': ' apt-get --quiet --yes update
+ sudo -p '%p password required for '\''apt-get --quiet --yes update'\'': ' apt-get --quiet --yes update
Get:1 http://apt.llvm.org/disco llvm-toolchain-disco-9 InRelease [4,216 B]
Get:2 http://apt.llvm.org/disco llvm-toolchain-disco-9/main amd64 Packages [8,815 B]
Get:3 http://archive.ubuntu.com/ubuntu disco InRelease [257 kB]
Get:4 http://security.ubuntu.com/ubuntu disco-security InRelease [97.5 kB]
Get:5 http://security.ubuntu.com/ubuntu disco-security/main amd64 Packages [245 kB]
Get:6 http://archive.ubuntu.com/ubuntu disco-updates InRelease [97.5 kB]
Get:7 http://archive.ubuntu.com/ubuntu disco-backports InRelease [88.8 kB]
Get:8 http://security.ubuntu.com/ubuntu disco-security/multiverse amd64 Packages [1,077 B]
Get:9 http://security.ubuntu.com/ubuntu disco-security/universe amd64 Packages [305 kB]
Get:10 http://archive.ubuntu.com/ubuntu disco/main amd64 Packages [1,316 kB]
Get:11 http://security.ubuntu.com/ubuntu disco-security/restricted amd64 Packages [3,969 B]
Get:12 http://archive.ubuntu.com/ubuntu disco/universe amd64 Packages [12.0 MB]
Get:13 http://archive.ubuntu.com/ubuntu disco/restricted amd64 Packages [20.2 kB]
Get:14 http://archive.ubuntu.com/ubuntu disco/multiverse amd64 Packages [193 kB]
Get:15 http://archive.ubuntu.com/ubuntu disco-updates/restricted amd64 Packages [4,470 B]
Get:16 http://archive.ubuntu.com/ubuntu disco-updates/multiverse amd64 Packages [1,077 B]
Get:17 http://archive.ubuntu.com/ubuntu disco-updates/main amd64 Packages [335 kB]
Get:18 http://archive.ubuntu.com/ubuntu disco-updates/universe amd64 Packages [375 kB]
Get:19 http://archive.ubuntu.com/ubuntu disco-backports/main amd64 Packages [1,129 B]
Get:20 http://archive.ubuntu.com/ubuntu disco-backports/universe amd64 Packages [3,566 B]
Fetched 15.3 MB in 6s (2,527 kB/s)
Reading package lists...
