[2019-09-03 13:58:54] run_gem_wrappers
run_gem_wrappers () 
{ 
    gem_install gem-wrappers > /dev/null && gem wrappers "$@" || return $?
}
current path: /home/gitpod/.rvm/src/ruby-2.6.3
GEM_PATH=/home/gitpod/.rvm/gems/ruby-2.6.3@global
GEM_HOME=/home/gitpod/.rvm/gems/ruby-2.6.3@global
PATH=/home/gitpod/.rvm/gems/ruby-2.6.3@global/bin:/home/gitpod/.rvm/rubies/ruby-2.6.3/bin:/home/gitpod/.rvm/bin:/home/gitpod/.sdkman/candidates/maven/current/bin:/home/gitpod/.sdkman/candidates/java/current/bin:/home/gitpod/.sdkman/candidates/gradle/current/bin:/home/gitpod/.pyenv/bin:/home/gitpod/.pyenv/shims:/home/gitpod/.nvm/versions/node/v10.15.3/bin:/workspace/go/bin:/home/gitpod/go/bin:/home/gitpod/go-packages/bin:/usr/local/sbin:/usr/local/bin:/usr/sbin:/usr/bin:/sbin:/bin
command(2): run_gem_wrappers regenerate
++ gem_install gem-wrappers
++ typeset gem_name gem_version version_check
++ gem_version=
++ __rvm_parse_gems_args gem-wrappers
++ typeset gem=gem-wrappers
++ __rvm_string_match gem-wrappers '*.gem$'
++ typeset _string
++ _string=gem-wrappers
++ shift
++ ((  1  ))
++ case "${_string}" in
++ shift
++ ((  0  ))
++ return 1
++ gem_name=gem-wrappers
++ case "$gem" in
++ [[ -z '' ]]
++ __rvm_db gem_gem-wrappers_version gem_version
++ typeset value key variable
++ key=gem_gem-wrappers_version
++ variable=gem_version
++ value=
++ [[ -f /home/gitpod/.rvm/user/db ]]
+++ __rvm_db_ /home/gitpod/.rvm/user/db gem_gem-wrappers_version
+++ typeset __db __key __value
+++ __db=/home/gitpod/.rvm/user/db
+++ __key=gem_gem-wrappers_version
+++ shift 2
+++ __value=
+++ case "${__value}" in
+++ __rvm_db_get /home/gitpod/.rvm/user/db gem_gem-wrappers_version
+++ [[ -f /home/gitpod/.rvm/user/db ]]
+++ __rvm_sed -n -e '\#^gem_gem-wrappers_version=# { s#^gem_gem-wrappers_version=##;; p; }' -e '/^$/d'
+++ sed -n -e '\#^gem_gem-wrappers_version=# { s#^gem_gem-wrappers_version=##;; p; }' -e '/^$/d'
++ value=
++ [[ -z '' ]]
++ [[ -f /home/gitpod/.rvm/config/db ]]
+++ __rvm_db_ /home/gitpod/.rvm/config/db gem_gem-wrappers_version
+++ typeset __db __key __value
+++ __db=/home/gitpod/.rvm/config/db
+++ __key=gem_gem-wrappers_version
+++ shift 2
+++ __value=
+++ case "${__value}" in
+++ __rvm_db_get /home/gitpod/.rvm/config/db gem_gem-wrappers_version
+++ [[ -f /home/gitpod/.rvm/config/db ]]
+++ __rvm_sed -n -e '\#^gem_gem-wrappers_version=# { s#^gem_gem-wrappers_version=##;; p; }' -e '/^$/d'
+++ sed -n -e '\#^gem_gem-wrappers_version=# { s#^gem_gem-wrappers_version=##;; p; }' -e '/^$/d'
++ value='>=1.4.0'
++ [[ -n >=1.4.0 ]]
++ [[ -n gem_version ]]
++ eval 'gem_version='\''>=1.4.0'\'''
+++ gem_version='>=1.4.0'
++ true
++ ((  0 == 0  ))
++ is_gem_installed
++ typeset gem_spec
++ gem_spec='gem '\''gem-wrappers'\'''
++ [[ -n >=1.4.0 ]]
++ gem_spec+=', '\''>=1.4.0'\'''
++ version_check=1.4.0
++ ls -ld /home/gitpod/.rvm/gems/ruby-2.6.3@global/gems/gem-wrappers-1.4.0
++ rvm_log 'gem gem-wrappers >=1.4.0 is already installed'
++ [[ '' == 1 ]]
++ printf %b 'gem gem-wrappers >=1.4.0 is already installed\n'
++ return 0
++ gem wrappers regenerate
