[2019-09-03 13:58:42] __rvm_make
__rvm_make () 
{ 
    \make "$@" || return $?
}
current path: /home/gitpod/.rvm/src/ruby-2.6.3
GEM_PATH=/home/gitpod/.rvm/gems/ruby-2.5.5:/home/gitpod/.rvm/gems/ruby-2.5.5@global
GEM_HOME=/home/gitpod/.rvm/gems/ruby-2.5.5
PATH=/home/gitpod/.rvm/gems/ruby-2.5.5/bin:/home/gitpod/.rvm/gems/ruby-2.5.5@global/bin:/home/gitpod/.rvm/rubies/ruby-2.5.5/bin:/home/gitpod/.rvm/bin:/home/gitpod/.sdkman/candidates/maven/current/bin:/home/gitpod/.sdkman/candidates/java/current/bin:/home/gitpod/.sdkman/candidates/gradle/current/bin:/home/gitpod/.pyenv/bin:/home/gitpod/.pyenv/shims:/home/gitpod/.nvm/versions/node/v10.15.3/bin:/workspace/go/bin:/home/gitpod/go/bin:/home/gitpod/go-packages/bin:/usr/local/sbin:/usr/local/bin:/usr/sbin:/usr/bin:/sbin:/bin
command(2): __rvm_make install
++ make install
./revision.h unchanged
generating x86_64-linux-fake.rb
x86_64-linux-fake.rb updated
	BASERUBY = /home/gitpod/.rvm/rubies/ruby-2.5.5/bin/ruby --disable=gems
	CC = gcc
	LD = ld
	LDSHARED = gcc -shared
	CFLAGS = -O3 -ggdb3 -Wall -Wextra -Wdeclaration-after-statement -Wdeprecated-declarations -Wduplicated-cond -Wimplicit-function-declaration -Wimplicit-int -Wmisleading-indentation -Wpointer-arith -Wrestrict -Wwrite-strings -Wimplicit-fallthrough=0 -Wmissing-noreturn -Wno-cast-function-type -Wno-constant-logical-operand -Wno-long-long -Wno-missing-field-initializers -Wno-overlength-strings -Wno-packed-bitfield-compat -Wno-parentheses-equality -Wno-self-assign -Wno-tautological-compare -Wno-unused-parameter -Wno-unused-value -Wsuggest-attribute=format -Wsuggest-attribute=noreturn -Wunused-variable -std=gnu99  -fPIC 
	XCFLAGS = -D_FORTIFY_SOURCE=2 -fstack-protector-strong -fno-strict-overflow -fvisibility=hidden -fexcess-precision=standard -DRUBY_EXPORT -DCANONICALIZATION_FOR_MATHN
	CPPFLAGS =   -I. -I.ext/include/x86_64-linux -I./include -I. -I./enc/unicode/12.1.0 
	DLDFLAGS = -Wl,--compress-debug-sections=zlib -Wl,-soname,libruby.so.2.6  -fstack-protector-strong  
	SOLIBS = -lz -lpthread -lrt -lrt -lgmp -ldl -lcrypt -lm 
	LANG = en_US.UTF-8
	LC_ALL = 
	LC_CTYPE = 
gcc (Ubuntu 8.3.0-6ubuntu1) 8.3.0
Copyright (C) 2018 Free Software Foundation, Inc.
This is free software; see the source for copying conditions.  There is NO
warranty; not even for MERCHANTABILITY or FITNESS FOR A PARTICULAR PURPOSE.

generating enc.mk
making srcs under enc
make[1]: Entering directory '/home/gitpod/.rvm/src/ruby-2.6.3'
make[1]: Nothing to be done for 'srcs'.
make[1]: Leaving directory '/home/gitpod/.rvm/src/ruby-2.6.3'
generating transdb.h
transdb.h unchanged
generating makefiles ext/configure-ext.mk
ext/configure-ext.mk updated
make[1]: Entering directory '/home/gitpod/.rvm/src/ruby-2.6.3'
make[1]: Leaving directory '/home/gitpod/.rvm/src/ruby-2.6.3'
generating makefile exts.mk
exts.mk unchanged
make[1]: Entering directory '/home/gitpod/.rvm/src/ruby-2.6.3'
make[2]: Entering directory '/home/gitpod/.rvm/src/ruby-2.6.3/ext/io/console'
make[2]: Leaving directory '/home/gitpod/.rvm/src/ruby-2.6.3/ext/io/console'
make[2]: Entering directory '/home/gitpod/.rvm/src/ruby-2.6.3/ext/-test-/marshal/compat'
linking shared-object -test-/marshal/compat.so
make[2]: Leaving directory '/home/gitpod/.rvm/src/ruby-2.6.3/ext/-test-/marshal/compat'
make[2]: Entering directory '/home/gitpod/.rvm/src/ruby-2.6.3/ext/json'
make[2]: Leaving directory '/home/gitpod/.rvm/src/ruby-2.6.3/ext/json'
make[2]: Entering directory '/home/gitpod/.rvm/src/ruby-2.6.3/ext/syslog'
make[2]: Leaving directory '/home/gitpod/.rvm/src/ruby-2.6.3/ext/syslog'
make[2]: Entering directory '/home/gitpod/.rvm/src/ruby-2.6.3/ext/digest'
make[2]: Leaving directory '/home/gitpod/.rvm/src/ruby-2.6.3/ext/digest'
make[2]: Entering directory '/home/gitpod/.rvm/src/ruby-2.6.3/ext/digest/sha2'
make[2]: Leaving directory '/home/gitpod/.rvm/src/ruby-2.6.3/ext/digest/sha2'
make[2]: Entering directory '/home/gitpod/.rvm/src/ruby-2.6.3/ext/coverage'
make[2]: Leaving directory '/home/gitpod/.rvm/src/ruby-2.6.3/ext/coverage'
make[2]: Entering directory '/home/gitpod/.rvm/src/ruby-2.6.3/ext/ripper'
make[2]: Leaving directory '/home/gitpod/.rvm/src/ruby-2.6.3/ext/ripper'
make[2]: Entering directory '/home/gitpod/.rvm/src/ruby-2.6.3/ext/fiddle'
make[2]: Leaving directory '/home/gitpod/.rvm/src/ruby-2.6.3/ext/fiddle'
make[2]: Entering directory '/home/gitpod/.rvm/src/ruby-2.6.3/ext/rubyvm'
make[2]: Leaving directory '/home/gitpod/.rvm/src/ruby-2.6.3/ext/rubyvm'
make[2]: Entering directory '/home/gitpod/.rvm/src/ruby-2.6.3/ext/pty'
make[2]: Leaving directory '/home/gitpod/.rvm/src/ruby-2.6.3/ext/pty'
make[2]: Entering directory '/home/gitpod/.rvm/src/ruby-2.6.3/ext/socket'
make[2]: Leaving directory '/home/gitpod/.rvm/src/ruby-2.6.3/ext/socket'
make[2]: Entering directory '/home/gitpod/.rvm/src/ruby-2.6.3/ext/psych'
make[2]: Leaving directory '/home/gitpod/.rvm/src/ruby-2.6.3/ext/psych'
make[2]: Entering directory '/home/gitpod/.rvm/src/ruby-2.6.3/ext/bigdecimal'
make[2]: Leaving directory '/home/gitpod/.rvm/src/ruby-2.6.3/ext/bigdecimal'
make[2]: Entering directory '/home/gitpod/.rvm/src/ruby-2.6.3/ext/nkf'
make[2]: Leaving directory '/home/gitpod/.rvm/src/ruby-2.6.3/ext/nkf'
make[2]: Entering directory '/home/gitpod/.rvm/src/ruby-2.6.3/ext/pathname'
make[2]: Leaving directory '/home/gitpod/.rvm/src/ruby-2.6.3/ext/pathname'
make[2]: Entering directory '/home/gitpod/.rvm/src/ruby-2.6.3/ext/date'
make[2]: Leaving directory '/home/gitpod/.rvm/src/ruby-2.6.3/ext/date'
make[2]: Entering directory '/home/gitpod/.rvm/src/ruby-2.6.3/ext/openssl'
make[2]: Leaving directory '/home/gitpod/.rvm/src/ruby-2.6.3/ext/openssl'
make[2]: Entering directory '/home/gitpod/.rvm/src/ruby-2.6.3'
./revision.h unchanged
make[2]: Leaving directory '/home/gitpod/.rvm/src/ruby-2.6.3'
make[1]: Leaving directory '/home/gitpod/.rvm/src/ruby-2.6.3'
make[1]: Entering directory '/home/gitpod/.rvm/src/ruby-2.6.3'
make[1]: Nothing to be done for 'note'.
make[1]: Leaving directory '/home/gitpod/.rvm/src/ruby-2.6.3'
making enc
make[1]: Entering directory '/home/gitpod/.rvm/src/ruby-2.6.3'
make[1]: Nothing to be done for 'enc'.
make[1]: Leaving directory '/home/gitpod/.rvm/src/ruby-2.6.3'
making trans
make[1]: Entering directory '/home/gitpod/.rvm/src/ruby-2.6.3'
make[1]: Nothing to be done for './enc/trans'.
make[1]: Leaving directory '/home/gitpod/.rvm/src/ruby-2.6.3'
making encs
make[1]: Entering directory '/home/gitpod/.rvm/src/ruby-2.6.3'
make[1]: Nothing to be done for 'encs'.
make[1]: Leaving directory '/home/gitpod/.rvm/src/ruby-2.6.3'
./miniruby -I./lib -I. -I.ext/common  ./tool/runruby.rb --extout=.ext  -- --disable-gems -r./x86_64-linux-fake ./tool/rbinstall.rb --make="make" --dest-dir="" --extout=".ext" --mflags="" --make-flags="" --data-mode=0644 --prog-mode=0755 --installed-list .installed.list --mantype="doc"
installing binary commands:         /home/gitpod/.rvm/rubies/ruby-2.6.3/bin
installing base libraries:          /home/gitpod/.rvm/rubies/ruby-2.6.3/lib
installing arch files:              /home/gitpod/.rvm/rubies/ruby-2.6.3/lib/ruby/2.6.0/x86_64-linux
installing pkgconfig data:          /home/gitpod/.rvm/rubies/ruby-2.6.3/lib/pkgconfig
installing command scripts:         /home/gitpod/.rvm/rubies/ruby-2.6.3/bin
installing library scripts:         /home/gitpod/.rvm/rubies/ruby-2.6.3/lib/ruby/2.6.0
installing common headers:          /home/gitpod/.rvm/rubies/ruby-2.6.3/include/ruby-2.6.0
installing manpages:                /home/gitpod/.rvm/rubies/ruby-2.6.3/share/man (man1, man5)
installing extension objects:       /home/gitpod/.rvm/rubies/ruby-2.6.3/lib/ruby/2.6.0/x86_64-linux
installing extension objects:       /home/gitpod/.rvm/rubies/ruby-2.6.3/lib/ruby/site_ruby/2.6.0/x86_64-linux
installing extension objects:       /home/gitpod/.rvm/rubies/ruby-2.6.3/lib/ruby/vendor_ruby/2.6.0/x86_64-linux
installing extension headers:       /home/gitpod/.rvm/rubies/ruby-2.6.3/include/ruby-2.6.0/x86_64-linux
installing extension scripts:       /home/gitpod/.rvm/rubies/ruby-2.6.3/lib/ruby/2.6.0
installing extension scripts:       /home/gitpod/.rvm/rubies/ruby-2.6.3/lib/ruby/site_ruby/2.6.0
installing extension scripts:       /home/gitpod/.rvm/rubies/ruby-2.6.3/lib/ruby/vendor_ruby/2.6.0
installing extension headers:       /home/gitpod/.rvm/rubies/ruby-2.6.3/include/ruby-2.6.0/ruby
installing default gems from lib:   /home/gitpod/.rvm/rubies/ruby-2.6.3/lib/ruby/gems/2.6.0 (build_info, cache, doc, extensions, gems, specifications)
                                    bundler 1.17.2
                                    cmath 1.0.0
                                    csv 3.0.9
                                    e2mmap 0.1.0
                                    fileutils 1.1.0
                                    forwardable 1.2.0
                                    ipaddr 1.2.2
                                    irb 1.0.0
                                    logger 1.3.0
                                    matrix 0.1.0
                                    mutex_m 0.1.0
                                    ostruct 0.1.0
                                    prime 0.1.0
                                    rdoc 6.1.0
                                    rexml 3.1.9
                                    rss 0.2.7
                                    scanf 1.0.0
                                    shell 0.7
                                    sync 0.5.0
                                    thwait 0.1.0
                                    tracer 0.1.0
                                    webrick 1.4.2
installing default gems from ext:   /home/gitpod/.rvm/rubies/ruby-2.6.3/lib/ruby/gems/2.6.0 (build_info, cache, doc, extensions, gems, specifications)
                                    bigdecimal 1.4.1
                                    date 2.0.0
                                    dbm 1.0.0
                                    etc 1.0.1
                                    fcntl 1.0.0
                                    fiddle 1.0.0
                                    gdbm 2.0.0
                                    io-console 0.4.7
                                    json 2.1.0
                                    openssl 2.1.2
                                    psych 3.1.0
                                    sdbm 1.0.0
                                    stringio 0.0.2
                                    strscan 1.0.0
                                    zlib 1.0.0
installing bundled gems:            /home/gitpod/.rvm/rubies/ruby-2.6.3/lib/ruby/gems/2.6.0 (build_info, cache, doc, extensions, gems, specifications)
                                    rake 12.3.2
                                    minitest 5.11.3
                                    test-unit 3.2.9
                                    did_you_mean 1.3.0
                                    xmlrpc 0.3.0
                                    power_assert 1.1.3
                                    net-telnet 0.2.0
