[2019-09-03 13:49:43] alias_create_execute
alias_create_execute () 
{ 
    for _path in "$rvm_rubies_path" "$rvm_gems_path" "$rvm_environments_path" "$rvm_wrappers_path";
    do
        if [[ -L "$_path/$alias_name" ]]; then
            \command \rm -fv "$_path/$alias_name" || return $?;
        fi;
        \command \ln -fs "$_path/$rvm_ruby_string" "$_path/$alias_name" || return $?;
    done;
    __rvm_db_ "$rvm_path/config/alias" "$alias_name" "$rvm_ruby_string"
}
current path: /home/gitpod
GEM_PATH=/home/gitpod/.rvm/gems/ruby-2.4.6:/home/gitpod/.rvm/gems/ruby-2.4.6@global
GEM_HOME=/home/gitpod/.rvm/gems/ruby-2.4.6
PATH=/home/gitpod/.rvm/gems/ruby-2.4.6/bin:/home/gitpod/.rvm/gems/ruby-2.4.6@global/bin:/home/gitpod/.rvm/rubies/ruby-2.4.6/bin:/home/gitpod/.rvm/bin:/home/gitpod/.sdkman/candidates/maven/current/bin:/home/gitpod/.sdkman/candidates/java/current/bin:/home/gitpod/.sdkman/candidates/gradle/current/bin:/home/gitpod/.pyenv/bin:/home/gitpod/.pyenv/shims:/home/gitpod/.nvm/versions/node/v10.15.3/bin:/workspace/go/bin:/home/gitpod/go/bin:/home/gitpod/go-packages/bin:/usr/local/sbin:/usr/local/bin:/usr/sbin:/usr/bin:/sbin:/bin
command(1): alias_create_execute
+ for _path in "$rvm_rubies_path" "$rvm_gems_path" "$rvm_environments_path" "$rvm_wrappers_path"
+ [[ -L /home/gitpod/.rvm/rubies/default ]]
+ command ln -fs /home/gitpod/.rvm/rubies/ruby-2.4.6 /home/gitpod/.rvm/rubies/default
+ ln -fs /home/gitpod/.rvm/rubies/ruby-2.4.6 /home/gitpod/.rvm/rubies/default
+ for _path in "$rvm_rubies_path" "$rvm_gems_path" "$rvm_environments_path" "$rvm_wrappers_path"
+ [[ -L /home/gitpod/.rvm/gems/default ]]
+ command ln -fs /home/gitpod/.rvm/gems/ruby-2.4.6 /home/gitpod/.rvm/gems/default
+ ln -fs /home/gitpod/.rvm/gems/ruby-2.4.6 /home/gitpod/.rvm/gems/default
+ for _path in "$rvm_rubies_path" "$rvm_gems_path" "$rvm_environments_path" "$rvm_wrappers_path"
+ [[ -L /home/gitpod/.rvm/environments/default ]]
+ command ln -fs /home/gitpod/.rvm/environments/ruby-2.4.6 /home/gitpod/.rvm/environments/default
+ ln -fs /home/gitpod/.rvm/environments/ruby-2.4.6 /home/gitpod/.rvm/environments/default
+ for _path in "$rvm_rubies_path" "$rvm_gems_path" "$rvm_environments_path" "$rvm_wrappers_path"
+ [[ -L /home/gitpod/.rvm/wrappers/default ]]
+ command ln -fs /home/gitpod/.rvm/wrappers/ruby-2.4.6 /home/gitpod/.rvm/wrappers/default
+ ln -fs /home/gitpod/.rvm/wrappers/ruby-2.4.6 /home/gitpod/.rvm/wrappers/default
+ __rvm_db_ /home/gitpod/.rvm/config/alias default ruby-2.4.6
+ typeset __db __key __value
+ __db=/home/gitpod/.rvm/config/alias
+ __key=default
+ shift 2
+ __value=ruby-2.4.6
+ case "${__value}" in
+ __rvm_db_add /home/gitpod/.rvm/config/alias default ruby-2.4.6
+ typeset __dir=/home/gitpod/.rvm/config
+ [[ -f /home/gitpod/.rvm/config/alias ]]
+ __rvm_db_remove /home/gitpod/.rvm/config/alias default
+ [[ -f /home/gitpod/.rvm/config/alias ]]
+ __rvm_sed -e '\#^default=# d' -e '/^$/d' /home/gitpod/.rvm/config/alias
+ sed -e '\#^default=# d' -e '/^$/d' /home/gitpod/.rvm/config/alias
+ command mv -f /home/gitpod/.rvm/config/alias.new /home/gitpod/.rvm/config/alias
+ mv -f /home/gitpod/.rvm/config/alias.new /home/gitpod/.rvm/config/alias
+ printf '%b=%b\n' default ruby-2.4.6
