[2019-09-03 13:49:33] __rvm_make
__rvm_make () 
{ 
    \make "$@" || return $?
}
current path: /home/gitpod/.rvm/src/ruby-2.4.6
PATH=/home/gitpod/.sdkman/candidates/maven/current/bin:/home/gitpod/.sdkman/candidates/java/current/bin:/home/gitpod/.sdkman/candidates/gradle/current/bin:/home/gitpod/.pyenv/bin:/home/gitpod/.pyenv/shims:/home/gitpod/.nvm/versions/node/v10.15.3/bin:/workspace/go/bin:/home/gitpod/go/bin:/home/gitpod/go-packages/bin:/usr/local/sbin:/usr/local/bin:/usr/sbin:/usr/bin:/sbin:/bin:/home/gitpod/.rvm/bin
command(2): __rvm_make install
++ make install
generating x86_64-linux-fake.rb
x86_64-linux-fake.rb updated
	CC = gcc
	LD = ld
	LDSHARED = gcc -shared
	CFLAGS = -O3 -fno-fast-math -ggdb3 -Wall -Wextra -Wno-unused-parameter -Wno-parentheses -Wno-long-long -Wno-missing-field-initializers -Wno-tautological-compare -Wno-parentheses-equality -Wno-constant-logical-operand -Wno-self-assign -Wunused-variable -Wimplicit-int -Wpointer-arith -Wwrite-strings -Wdeclaration-after-statement -Wimplicit-function-declaration -Wdeprecated-declarations -Wno-packed-bitfield-compat -Wsuggest-attribute=noreturn -Wsuggest-attribute=format -Wimplicit-fallthrough=0 -std=gnu99  -fPIC 
	XCFLAGS = -D_FORTIFY_SOURCE=2 -fstack-protector -fno-strict-overflow -fvisibility=hidden -fexcess-precision=standard -DRUBY_EXPORT
	CPPFLAGS =   -I. -I.ext/include/x86_64-linux -I./include -I. -I./enc/unicode/9.0.0
	DLDFLAGS = -Wl,--compress-debug-sections=zlib -Wl,-soname,libruby.so.2.4  -fstack-protector  
	SOLIBS = -lpthread -lgmp -ldl -lcrypt -lm  
gcc (Ubuntu 8.3.0-6ubuntu1) 8.3.0
Copyright (C) 2018 Free Software Foundation, Inc.
This is free software; see the source for copying conditions.  There is NO
warranty; not even for MERCHANTABILITY or FITNESS FOR A PARTICULAR PURPOSE.

generating enc.mk
making srcs under enc
make[1]: Entering directory '/home/gitpod/.rvm/src/ruby-2.4.6'
make[1]: Nothing to be done for 'srcs'.
make[1]: Leaving directory '/home/gitpod/.rvm/src/ruby-2.4.6'
generating transdb.h
transdb.h unchanged
generating makefile exts.mk
make[1]: Entering directory '/home/gitpod/.rvm/src/ruby-2.4.6'
make[2]: Entering directory '/home/gitpod/.rvm/src/ruby-2.4.6/ext/bigdecimal'
make[2]: Leaving directory '/home/gitpod/.rvm/src/ruby-2.4.6/ext/bigdecimal'
make[2]: Entering directory '/home/gitpod/.rvm/src/ruby-2.4.6/ext/date'
make[2]: Leaving directory '/home/gitpod/.rvm/src/ruby-2.4.6/ext/date'
make[2]: Entering directory '/home/gitpod/.rvm/src/ruby-2.4.6/ext/digest'
make[2]: Leaving directory '/home/gitpod/.rvm/src/ruby-2.4.6/ext/digest'
make[2]: Entering directory '/home/gitpod/.rvm/src/ruby-2.4.6/ext/digest/sha2'
make[2]: Leaving directory '/home/gitpod/.rvm/src/ruby-2.4.6/ext/digest/sha2'
make[2]: Entering directory '/home/gitpod/.rvm/src/ruby-2.4.6/ext/fiddle'
make[2]: Leaving directory '/home/gitpod/.rvm/src/ruby-2.4.6/ext/fiddle'
make[2]: Entering directory '/home/gitpod/.rvm/src/ruby-2.4.6/ext/io/console'
make[2]: Leaving directory '/home/gitpod/.rvm/src/ruby-2.4.6/ext/io/console'
make[2]: Entering directory '/home/gitpod/.rvm/src/ruby-2.4.6/ext/json'
make[2]: Leaving directory '/home/gitpod/.rvm/src/ruby-2.4.6/ext/json'
make[2]: Entering directory '/home/gitpod/.rvm/src/ruby-2.4.6/ext/nkf'
make[2]: Leaving directory '/home/gitpod/.rvm/src/ruby-2.4.6/ext/nkf'
make[2]: Entering directory '/home/gitpod/.rvm/src/ruby-2.4.6/ext/openssl'
make[2]: Leaving directory '/home/gitpod/.rvm/src/ruby-2.4.6/ext/openssl'
make[2]: Entering directory '/home/gitpod/.rvm/src/ruby-2.4.6/ext/pathname'
make[2]: Leaving directory '/home/gitpod/.rvm/src/ruby-2.4.6/ext/pathname'
make[2]: Entering directory '/home/gitpod/.rvm/src/ruby-2.4.6/ext/psych'
make[2]: Leaving directory '/home/gitpod/.rvm/src/ruby-2.4.6/ext/psych'
make[2]: Entering directory '/home/gitpod/.rvm/src/ruby-2.4.6/ext/pty'
make[2]: Leaving directory '/home/gitpod/.rvm/src/ruby-2.4.6/ext/pty'
make[2]: Entering directory '/home/gitpod/.rvm/src/ruby-2.4.6/ext/ripper'
make[2]: Leaving directory '/home/gitpod/.rvm/src/ruby-2.4.6/ext/ripper'
make[2]: Entering directory '/home/gitpod/.rvm/src/ruby-2.4.6/ext/rubyvm'
make[2]: Leaving directory '/home/gitpod/.rvm/src/ruby-2.4.6/ext/rubyvm'
make[2]: Entering directory '/home/gitpod/.rvm/src/ruby-2.4.6/ext/socket'
make[2]: Leaving directory '/home/gitpod/.rvm/src/ruby-2.4.6/ext/socket'
make[2]: Entering directory '/home/gitpod/.rvm/src/ruby-2.4.6/ext/syslog'
make[2]: Leaving directory '/home/gitpod/.rvm/src/ruby-2.4.6/ext/syslog'
make[2]: Entering directory '/home/gitpod/.rvm/src/ruby-2.4.6'
make[2]: 'ruby' is up to date.
make[2]: Leaving directory '/home/gitpod/.rvm/src/ruby-2.4.6'
make[1]: Leaving directory '/home/gitpod/.rvm/src/ruby-2.4.6'
making enc
make[1]: Entering directory '/home/gitpod/.rvm/src/ruby-2.4.6'
make[1]: Nothing to be done for 'enc'.
make[1]: Leaving directory '/home/gitpod/.rvm/src/ruby-2.4.6'
making trans
make[1]: Entering directory '/home/gitpod/.rvm/src/ruby-2.4.6'
make[1]: Nothing to be done for './enc/trans'.
make[1]: Leaving directory '/home/gitpod/.rvm/src/ruby-2.4.6'
making encs
make[1]: Entering directory '/home/gitpod/.rvm/src/ruby-2.4.6'
make[1]: Nothing to be done for 'encs'.
make[1]: Leaving directory '/home/gitpod/.rvm/src/ruby-2.4.6'
./miniruby -I./lib -I. -I.ext/common  ./tool/runruby.rb --extout=.ext  -- --disable-gems -r./x86_64-linux-fake ./tool/rbinstall.rb --make="make" --dest-dir="" --extout=".ext" --mflags="" --make-flags="" --data-mode=0644 --prog-mode=0755 --installed-list .installed.list --mantype="doc"
installing binary commands:   /home/gitpod/.rvm/rubies/ruby-2.4.6/bin
installing base libraries:    /home/gitpod/.rvm/rubies/ruby-2.4.6/lib
installing arch files:        /home/gitpod/.rvm/rubies/ruby-2.4.6/lib/ruby/2.4.0/x86_64-linux
installing pkgconfig data:    /home/gitpod/.rvm/rubies/ruby-2.4.6/lib/pkgconfig
installing command scripts:   /home/gitpod/.rvm/rubies/ruby-2.4.6/bin
installing library scripts:   /home/gitpod/.rvm/rubies/ruby-2.4.6/lib/ruby/2.4.0
installing common headers:    /home/gitpod/.rvm/rubies/ruby-2.4.6/include/ruby-2.4.0
installing manpages:          /home/gitpod/.rvm/rubies/ruby-2.4.6/share/man/man1
installing extension objects: /home/gitpod/.rvm/rubies/ruby-2.4.6/lib/ruby/2.4.0/x86_64-linux
installing extension objects: /home/gitpod/.rvm/rubies/ruby-2.4.6/lib/ruby/site_ruby/2.4.0/x86_64-linux
installing extension objects: /home/gitpod/.rvm/rubies/ruby-2.4.6/lib/ruby/vendor_ruby/2.4.0/x86_64-linux
installing extension headers: /home/gitpod/.rvm/rubies/ruby-2.4.6/include/ruby-2.4.0/x86_64-linux
installing extension scripts: /home/gitpod/.rvm/rubies/ruby-2.4.6/lib/ruby/2.4.0
installing extension scripts: /home/gitpod/.rvm/rubies/ruby-2.4.6/lib/ruby/site_ruby/2.4.0
installing extension scripts: /home/gitpod/.rvm/rubies/ruby-2.4.6/lib/ruby/vendor_ruby/2.4.0
installing extension headers: /home/gitpod/.rvm/rubies/ruby-2.4.6/include/ruby-2.4.0/ruby
installing default gems:      /home/gitpod/.rvm/rubies/ruby-2.4.6/lib/ruby/gems/2.4.0 (build_info, cache, doc, extensions, gems, specifications)
                              bigdecimal 1.3.2
                              io-console 0.4.6
                              json 2.0.4
                              openssl 2.0.9
                              psych 2.2.2
                              rdoc 5.0.0
installing bundle gems:       /home/gitpod/.rvm/rubies/ruby-2.4.6/lib/ruby/gems/2.4.0 (build_info, cache, doc, extensions, gems, specifications)
                              test-unit 3.2.3
                              net-telnet 0.1.1
                              minitest 5.10.1
                              did_you_mean 1.1.0
                              xmlrpc 0.2.1
                              rake 12.0.0
                              power_assert 0.4.1
