[2019-09-03 13:45:40] __rvm_make
__rvm_make () 
{ 
    \make "$@" || return $?
}
current path: /home/gitpod/.rvm/src/ruby-2.4.6
PATH=/home/gitpod/.sdkman/candidates/maven/current/bin:/home/gitpod/.sdkman/candidates/java/current/bin:/home/gitpod/.sdkman/candidates/gradle/current/bin:/home/gitpod/.pyenv/bin:/home/gitpod/.pyenv/shims:/home/gitpod/.nvm/versions/node/v10.15.3/bin:/workspace/go/bin:/home/gitpod/go/bin:/home/gitpod/go-packages/bin:/usr/local/sbin:/usr/local/bin:/usr/sbin:/usr/bin:/sbin:/bin:/home/gitpod/.rvm/bin
command(2): __rvm_make -j2
++ make -j2
	CC = gcc
	LD = ld
	LDSHARED = gcc -shared
	CFLAGS = -O3 -fno-fast-math -ggdb3 -Wall -Wextra -Wno-unused-parameter -Wno-parentheses -Wno-long-long -Wno-missing-field-initializers -Wno-tautological-compare -Wno-parentheses-equality -Wno-constant-logical-operand -Wno-self-assign -Wunused-variable -Wimplicit-int -Wpointer-arith -Wwrite-strings -Wdeclaration-after-statement -Wimplicit-function-declaration -Wdeprecated-declarations -Wno-packed-bitfield-compat -Wsuggest-attribute=noreturn -Wsuggest-attribute=format -Wimplicit-fallthrough=0 -std=gnu99  -fPIC 
	XCFLAGS = -D_FORTIFY_SOURCE=2 -fstack-protector -fno-strict-overflow -fvisibility=hidden -fexcess-precision=standard -DRUBY_EXPORT
	CPPFLAGS =   -I. -I.ext/include/x86_64-linux -I./include -I. -I./enc/unicode/9.0.0
	DLDFLAGS = -Wl,--compress-debug-sections=zlib -Wl,-soname,libruby.so.2.4  -fstack-protector  
	SOLIBS = -lpthread -lgmp -ldl -lcrypt -lm  
gcc (Ubuntu 8.3.0-6ubuntu1) 8.3.0
Copyright (C) 2018 Free Software Foundation, Inc.
This is free software; see the source for copying conditions.  There is NO
warranty; not even for MERCHANTABILITY or FITNESS FOR A PARTICULAR PURPOSE.

making dummy probes.h
compiling main.c
compiling dmydln.c
compiling miniinit.c
compiling dmyext.c
compiling miniprelude.c
compiling array.c
compiling bignum.c
compiling class.c
compiling compar.c
compiling compile.c
compiling complex.c
compiling cont.c
compiling debug.c
compiling dir.c
compiling dln_find.c
compiling encoding.c
compiling enum.c
compiling enumerator.c
compiling error.c
compiling eval.c
compiling file.c
compiling gc.c
gc.c: In function ‘make_io_zombie’:
gc.c:2112:32: warning: cast between incompatible function types from ‘int (*)(rb_io_t *)’ {aka ‘int (*)(struct rb_io_t *)’} to ‘void (*)(void *)’ [-Wcast-function-type]
     make_zombie(objspace, obj, (void (*)(void*))rb_io_fptr_finalize, fptr);
                                ^
compiling hash.c
gc.c: At top level:
cc1: warning: unrecognized command line option ‘-Wno-self-assign’
cc1: warning: unrecognized command line option ‘-Wno-constant-logical-operand’
cc1: warning: unrecognized command line option ‘-Wno-parentheses-equality’
compiling inits.c
compiling io.c
compiling iseq.c
compiling load.c
compiling marshal.c
compiling math.c
compiling node.c
compiling numeric.c
compiling object.c
compiling pack.c
compiling parse.c
compiling proc.c
compiling process.c
process.c: In function ‘handle_fork_error’:
process.c:3267:24: warning: cast between incompatible function types from ‘void (*)(int)’ to ‘VALUE (*)()’ {aka ‘long unsigned int (*)()’} [-Wcast-function-type]
             rb_protect((VALUE (*)())rb_thread_sleep, 1, &state);
                        ^
process.c: At top level:
cc1: warning: unrecognized command line option ‘-Wno-self-assign’
cc1: warning: unrecognized command line option ‘-Wno-constant-logical-operand’
cc1: warning: unrecognized command line option ‘-Wno-parentheses-equality’
compiling random.c
compiling range.c
compiling rational.c
compiling re.c
compiling regcomp.c
compiling regenc.c
compiling regerror.c
compiling regexec.c
compiling regparse.c
compiling regsyntax.c
compiling ruby.c
compiling safe.c
compiling signal.c
signal.c: In function ‘ruby_signal’:
signal.c:603:31: warning: cast between incompatible function types from ‘ruby_sighandler_t’ {aka ‘void (*)(int)’} to ‘void (*)(int,  siginfo_t *, void *)’ {aka ‘void (*)(int,  struct <anonymous> *, void *)’} [-Wcast-function-type]
         sigact.sa_sigaction = (ruby_sigaction_t*)handler;
                               ^
signal.c:632:9: warning: cast between incompatible function types from ‘void (*)(int,  siginfo_t *, void *)’ {aka ‘void (*)(int,  struct <anonymous> *, void *)’} to ‘void (*)(int)’ [-Wcast-function-type]
  return (sighandler_t)old.sa_sigaction;
         ^
signal.c: In function ‘default_handler’:
signal.c:1080:16: warning: cast between incompatible function types from ‘void (*)(int,  siginfo_t *, void *)’ {aka ‘void (*)(int,  struct <anonymous> *, void *)’} to ‘void (*)(int)’ [-Wcast-function-type]
         func = (sighandler_t)sigbus;
                ^
signal.c:1085:16: warning: cast between incompatible function types from ‘void (*)(int,  siginfo_t *, void *)’ {aka ‘void (*)(int,  struct <anonymous> *, void *)’} to ‘void (*)(int)’ [-Wcast-function-type]
         func = (sighandler_t)sigsegv;
                ^
signal.c: In function ‘Init_signal’:
signal.c:1498:29: warning: cast between incompatible function types from ‘void (*)(int,  siginfo_t *, void *)’ {aka ‘void (*)(int,  struct <anonymous> *, void *)’} to ‘void (*)(int)’ [-Wcast-function-type]
  install_sighandler(SIGBUS, (sighandler_t)sigbus);
                             ^
signal.c:1380:75: note: in definition of macro ‘install_sighandler’
 #  define install_sighandler(signum, handler) (install_sighandler(signum, handler) ? rb_bug(#signum) : (void)0)
                                                                           ^~~~~~~
signal.c:1501:29: warning: cast between incompatible function types from ‘void (*)(int,  siginfo_t *, void *)’ {aka ‘void (*)(int,  struct <anonymous> *, void *)’} to ‘void (*)(int)’ [-Wcast-function-type]
  install_sighandler(SIGILL, (sighandler_t)sigill);
                             ^
signal.c:1380:75: note: in definition of macro ‘install_sighandler’
 #  define install_sighandler(signum, handler) (install_sighandler(signum, handler) ? rb_bug(#signum) : (void)0)
                                                                           ^~~~~~~
signal.c:1507:30: warning: cast between incompatible function types from ‘void (*)(int,  siginfo_t *, void *)’ {aka ‘void (*)(int,  struct <anonymous> *, void *)’} to ‘void (*)(int)’ [-Wcast-function-type]
  install_sighandler(SIGSEGV, (sighandler_t)sigsegv);
                              ^
signal.c:1380:75: note: in definition of macro ‘install_sighandler’
 #  define install_sighandler(signum, handler) (install_sighandler(signum, handler) ? rb_bug(#signum) : (void)0)
                                                                           ^~~~~~~
compiling sprintf.c
signal.c: At top level:
cc1: warning: unrecognized command line option ‘-Wno-self-assign’
cc1: warning: unrecognized command line option ‘-Wno-constant-logical-operand’
cc1: warning: unrecognized command line option ‘-Wno-parentheses-equality’
compiling st.c
compiling strftime.c
compiling string.c
compiling struct.c
compiling symbol.c
compiling thread.c
compiling time.c
compiling transcode.c
compiling util.c
compiling variable.c
compiling version.c
compiling vm.c
In file included from vm.c:300:
vm_eval.c: In function ‘rb_eval_string_protect’:
vm_eval.c:1516:23: warning: cast between incompatible function types from ‘VALUE (*)(const char *)’ {aka ‘long unsigned int (*)(const char *)’} to ‘VALUE (*)(VALUE)’ {aka ‘long unsigned int (*)(long unsigned int)’} [-Wcast-function-type]
     return rb_protect((VALUE (*)(VALUE))rb_eval_string, (VALUE)str, state);
                       ^
compiling vm_backtrace.c
compiling vm_dump.c
compiling vm_trace.c
vm_trace.c: In function ‘exec_hooks_body’:
vm_trace.c:259:6: warning: cast between incompatible function types from ‘rb_event_hook_func_t’ {aka ‘void (*)(unsigned int,  long unsigned int,  long unsigned int,  long unsigned int,  long unsigned int)’} to ‘void (*)(VALUE,  const rb_trace_arg_t *)’ {aka ‘void (*)(long unsigned int,  const struct rb_trace_arg_struct *)’} [-Wcast-function-type]
   (*((rb_event_hook_raw_arg_func_t)hook->func))(hook->data, trace_arg);
      ^
vm_trace.c: In function ‘rb_tracepoint_enable’:
vm_trace.c:1033:49: warning: cast between incompatible function types from ‘void (*)(VALUE,  rb_trace_arg_t *)’ {aka ‘void (*)(long unsigned int,  struct rb_trace_arg_struct *)’} to ‘void (*)(rb_event_flag_t,  VALUE,  VALUE,  ID,  VALUE)’ {aka ‘void (*)(unsigned int,  long unsigned int,  long unsigned int,  long unsigned int,  long unsigned int)’} [-Wcast-function-type]
  rb_thread_add_event_hook2(tp->target_th->self, (rb_event_hook_func_t)tp_call_trace, tp->events, tpval,
                                                 ^
vm_trace.c:1037:21: warning: cast between incompatible function types from ‘void (*)(VALUE,  rb_trace_arg_t *)’ {aka ‘void (*)(long unsigned int,  struct rb_trace_arg_struct *)’} to ‘void (*)(rb_event_flag_t,  VALUE,  VALUE,  ID,  VALUE)’ {aka ‘void (*)(unsigned int,  long unsigned int,  long unsigned int,  long unsigned int,  long unsigned int)’} [-Wcast-function-type]
  rb_add_event_hook2((rb_event_hook_func_t)tp_call_trace, tp->events, tpval,
                     ^
vm_trace.c: In function ‘rb_tracepoint_disable’:
vm_trace.c:1052:61: warning: cast between incompatible function types from ‘void (*)(VALUE,  rb_trace_arg_t *)’ {aka ‘void (*)(long unsigned int,  struct rb_trace_arg_struct *)’} to ‘void (*)(rb_event_flag_t,  VALUE,  VALUE,  ID,  VALUE)’ {aka ‘void (*)(unsigned int,  long unsigned int,  long unsigned int,  long unsigned int,  long unsigned int)’} [-Wcast-function-type]
  rb_thread_remove_event_hook_with_data(tp->target_th->self, (rb_event_hook_func_t)tp_call_trace, tpval);
                                                             ^
vm_trace.c:1055:33: warning: cast between incompatible function types from ‘void (*)(VALUE,  rb_trace_arg_t *)’ {aka ‘void (*)(long unsigned int,  struct rb_trace_arg_struct *)’} to ‘void (*)(rb_event_flag_t,  VALUE,  VALUE,  ID,  VALUE)’ {aka ‘void (*)(unsigned int,  long unsigned int,  long unsigned int,  long unsigned int,  long unsigned int)’} [-Wcast-function-type]
  rb_remove_event_hook_with_data((rb_event_hook_func_t)tp_call_trace, tpval);
                                 ^
vm_trace.c: At top level:
cc1: warning: unrecognized command line option ‘-Wno-self-assign’
cc1: warning: unrecognized command line option ‘-Wno-constant-logical-operand’
cc1: warning: unrecognized command line option ‘-Wno-parentheses-equality’
compiling ./missing/setproctitle.c
compiling ./missing/strlcat.c
compiling ./missing/strlcpy.c
compiling addr2line.c
compiling dmyenc.c
compiling dln.c
compiling localeinit.c
compiling prelude.c
compiling enc/ascii.c
compiling enc/us_ascii.c
compiling enc/unicode.c
compiling enc/utf_8.c
compiling enc/trans/newline.c
vm.c: At top level:
cc1: warning: unrecognized command line option ‘-Wno-self-assign’
cc1: warning: unrecognized command line option ‘-Wno-constant-logical-operand’
cc1: warning: unrecognized command line option ‘-Wno-parentheses-equality’
linking miniruby
generating encdb.h
./tool/ifchange "--timestamp=.rbconfig.time" rbconfig.rb rbconfig.tmp
rbconfig.rb updated
generating enc.mk
encdb.h updated
creating verconf.h
verconf.h updated
compiling loadpath.c
making srcs under enc
make[1]: Entering directory '/home/gitpod/.rvm/src/ruby-2.4.6'
make[1]: Nothing to be done for 'srcs'.
make[1]: Leaving directory '/home/gitpod/.rvm/src/ruby-2.4.6'
generating transdb.h
linking static-library libruby-static.a
transdb.h updated
verifying static-library libruby-static.a
linking shared-library libruby.so.2.4.6
generating makefile exts.mk
making enc
make[1]: Entering directory '/home/gitpod/.rvm/src/ruby-2.4.6'
compiling ./enc/encdb.c
configuring -test-/array/resize
configuring -test-/bignum
configuring -test-/bug-3571
configuring -test-/bug-5832
configuring -test-/bug_reporter
configuring -test-/class
configuring -test-/debug
configuring -test-/dln/empty
configuring -test-/exception
configuring -test-/fatal
configuring -test-/file
linking encoding encdb.so
compiling ./enc/big5.c
linking encoding big5.so
compiling ./enc/cp949.c
linking encoding cp949.so
compiling ./enc/emacs_mule.c
linking encoding emacs_mule.so
compiling ./enc/euc_jp.c
linking encoding euc_jp.so
compiling ./enc/euc_kr.c
linking encoding euc_kr.so
compiling ./enc/euc_tw.c
configuring -test-/float
configuring -test-/funcall
configuring -test-/gvl/call_without_gvl
configuring -test-/hash
configuring -test-/integer
linking encoding euc_tw.so
configuring -test-/iseq_load
configuring -test-/iter
configuring -test-/load/dot.dot
configuring -test-/marshal/compat
configuring -test-/marshal/internal_ivar
configuring -test-/marshal/usr
configuring -test-/memory_status
configuring -test-/method
configuring -test-/notimplement
configuring -test-/num2int
configuring -test-/path_to_class
configuring -test-/popen_deadlock
configuring -test-/postponed_job
compiling ./enc/gb2312.c
configuring -test-/printf
configuring -test-/proc
configuring -test-/rational
configuring -test-/recursion
configuring -test-/regexp
configuring -test-/scan_args
configuring -test-/st/foreach
configuring -test-/st/numhash
configuring -test-/st/update
configuring -test-/string
configuring -test-/struct
configuring -test-/symbol
linking encoding gb2312.so
compiling ./enc/gb18030.c
configuring -test-/thread_fd_close
configuring -test-/time
configuring -test-/tracepoint
configuring -test-/typeddata
configuring -test-/vm
configuring -test-/wait_for_single_fd
configuring bigdecimal
linking encoding gb18030.so
compiling ./enc/gbk.c
linking encoding gbk.so
compiling ./enc/iso_8859_1.c
linking encoding iso_8859_1.so
compiling ./enc/iso_8859_2.c
linking encoding iso_8859_2.so
compiling ./enc/iso_8859_3.c
linking encoding iso_8859_3.so
compiling ./enc/iso_8859_4.c
linking encoding iso_8859_4.so
compiling ./enc/iso_8859_5.c
linking encoding iso_8859_5.so
compiling ./enc/iso_8859_6.c
linking encoding iso_8859_6.so
compiling ./enc/iso_8859_7.c
linking encoding iso_8859_7.so
compiling ./enc/iso_8859_8.c
linking encoding iso_8859_8.so
compiling ./enc/iso_8859_9.c
linking encoding iso_8859_9.so
compiling ./enc/iso_8859_10.c
linking encoding iso_8859_10.so
compiling ./enc/iso_8859_11.c
linking encoding iso_8859_11.so
compiling ./enc/iso_8859_13.c
linking encoding iso_8859_13.so
compiling ./enc/iso_8859_14.c
linking encoding iso_8859_14.so
compiling ./enc/iso_8859_15.c
linking encoding iso_8859_15.so
compiling ./enc/iso_8859_16.c
linking encoding iso_8859_16.so
compiling ./enc/koi8_r.c
linking encoding koi8_r.so
compiling ./enc/koi8_u.c
linking encoding koi8_u.so
compiling ./enc/shift_jis.c
configuring cgi/escape
configuring continuation
configuring coverage
configuring date
configuring dbm
linking encoding shift_jis.so
compiling ./enc/utf_16be.c
linking encoding utf_16be.so
compiling ./enc/utf_16le.c
linking encoding utf_16le.so
compiling ./enc/utf_32be.c
linking encoding utf_32be.so
compiling ./enc/utf_32le.c
linking encoding utf_32le.so
compiling ./enc/windows_31j.c
linking encoding windows_31j.so
compiling ./enc/windows_1250.c
linking encoding windows_1250.so
compiling ./enc/windows_1251.c
linking encoding windows_1251.so
compiling ./enc/windows_1252.c
linking encoding windows_1252.so
compiling ./enc/windows_1253.c
linking encoding windows_1253.so
compiling ./enc/windows_1254.c
header: db.h
library: db
linking encoding windows_1254.so
compiling ./enc/windows_1257.c
linking encoding windows_1257.so
make[1]: Leaving directory '/home/gitpod/.rvm/src/ruby-2.4.6'
making trans
make[1]: Entering directory '/home/gitpod/.rvm/src/ruby-2.4.6'
compiling ./enc/trans/transdb.c
linking transcoder transdb.so
compiling ./enc/trans/big5.c
configuring digest
configuring digest/bubblebabble
configuring digest/md5
configuring digest/rmd160
configuring digest/sha1
linking transcoder big5.so
compiling ./enc/trans/chinese.c
configuring digest/sha2
linking transcoder chinese.so
compiling ./enc/trans/ebcdic.c
linking transcoder ebcdic.so
compiling ./enc/trans/emoji.c
linking transcoder emoji.so
compiling ./enc/trans/emoji_iso2022_kddi.c
linking transcoder emoji_iso2022_kddi.so
configuring etc
compiling ./enc/trans/emoji_sjis_docomo.c
linking transcoder emoji_sjis_docomo.so
compiling ./enc/trans/emoji_sjis_kddi.c
linking transcoder emoji_sjis_kddi.so
compiling ./enc/trans/emoji_sjis_softbank.c
linking transcoder emoji_sjis_softbank.so
compiling ./enc/trans/escape.c
linking transcoder escape.so
compiling ./enc/trans/gb18030.c
linking transcoder gb18030.so
compiling ./enc/trans/gbk.c
configuring fcntl
configuring fiber
configuring fiddle
linking transcoder gbk.so
compiling ./enc/trans/iso2022.c
linking transcoder iso2022.so
compiling ./enc/trans/japanese.c
linking transcoder japanese.so
compiling ./enc/trans/japanese_euc.c
configuring gdbm
configuring io/console
linking transcoder japanese_euc.so
compiling ./enc/trans/japanese_sjis.c
linking transcoder japanese_sjis.so
compiling ./enc/trans/korean.c
linking transcoder korean.so
compiling ./enc/trans/single_byte.c
configuring io/nonblock
configuring io/wait
linking transcoder single_byte.so
compiling ./enc/trans/utf8_mac.c
configuring json
configuring json/generator
configuring json/parser
configuring mathn/complex
configuring mathn/rational
configuring nkf
configuring objspace
configuring openssl
linking transcoder utf8_mac.so
compiling ./enc/trans/utf_16_32.c
linking transcoder utf_16_32.so
make[1]: Leaving directory '/home/gitpod/.rvm/src/ruby-2.4.6'
making encs
make[1]: Entering directory '/home/gitpod/.rvm/src/ruby-2.4.6'
make[1]: Nothing to be done for 'encs'.
make[1]: Leaving directory '/home/gitpod/.rvm/src/ruby-2.4.6'
configuring pathname
configuring psych
configuring pty
configuring racc/cparse
configuring rbconfig/sizeof
configuring readline
configuring ripper
configuring rubyvm
configuring sdbm
configuring socket
configuring stringio
configuring strscan
configuring syslog
configuring zlib
make[1]: Entering directory '/home/gitpod/.rvm/src/ruby-2.4.6'
make[2]: Entering directory '/home/gitpod/.rvm/src/ruby-2.4.6/ext/-test-/array/resize'
compiling resize.c
linking shared-object -test-/array/resize.so
make[2]: Leaving directory '/home/gitpod/.rvm/src/ruby-2.4.6/ext/-test-/array/resize'
make[2]: Entering directory '/home/gitpod/.rvm/src/ruby-2.4.6/ext/-test-/bignum'
compiling big2str.c
compiling bigzero.c
compiling div.c
compiling intpack.c
compiling mul.c
compiling init.c
compiling str2big.c
linking shared-object -test-/bignum.so
make[2]: Leaving directory '/home/gitpod/.rvm/src/ruby-2.4.6/ext/-test-/bignum'
make[2]: Entering directory '/home/gitpod/.rvm/src/ruby-2.4.6/ext/-test-/bug-3571'
compiling bug.c
linking shared-object -test-/bug_3571.so
make[2]: Leaving directory '/home/gitpod/.rvm/src/ruby-2.4.6/ext/-test-/bug-3571'
make[2]: Entering directory '/home/gitpod/.rvm/src/ruby-2.4.6/ext/-test-/bug-5832'
compiling bug.c
linking shared-object -test-/bug_5832.so
make[2]: Leaving directory '/home/gitpod/.rvm/src/ruby-2.4.6/ext/-test-/bug-5832'
make[2]: Entering directory '/home/gitpod/.rvm/src/ruby-2.4.6/ext/-test-/bug_reporter'
compiling bug_reporter.c
linking shared-object -test-/bug_reporter.so
make[2]: Leaving directory '/home/gitpod/.rvm/src/ruby-2.4.6/ext/-test-/bug_reporter'
make[2]: Entering directory '/home/gitpod/.rvm/src/ruby-2.4.6/ext/-test-/class'
compiling class2name.c
compiling init.c
linking shared-object -test-/class.so
make[2]: Leaving directory '/home/gitpod/.rvm/src/ruby-2.4.6/ext/-test-/class'
make[2]: Entering directory '/home/gitpod/.rvm/src/ruby-2.4.6/ext/-test-/debug'
compiling inspector.c
compiling init.c
compiling profile_frames.c
linking shared-object -test-/debug.so
make[2]: Leaving directory '/home/gitpod/.rvm/src/ruby-2.4.6/ext/-test-/debug'
make[2]: Entering directory '/home/gitpod/.rvm/src/ruby-2.4.6/ext/-test-/dln/empty'
compiling empty.c
linking shared-object -test-/dln/empty.so
make[2]: Leaving directory '/home/gitpod/.rvm/src/ruby-2.4.6/ext/-test-/dln/empty'
make[2]: Entering directory '/home/gitpod/.rvm/src/ruby-2.4.6/ext/-test-/exception'
compiling dataerror.c
compiling init.c
compiling enc_raise.c
compiling ensured.c
linking shared-object -test-/exception.so
make[2]: Leaving directory '/home/gitpod/.rvm/src/ruby-2.4.6/ext/-test-/exception'
make[2]: Entering directory '/home/gitpod/.rvm/src/ruby-2.4.6/ext/-test-/fatal'
compiling rb_fatal.c
linking shared-object -test-/fatal/rb_fatal.so
make[2]: Leaving directory '/home/gitpod/.rvm/src/ruby-2.4.6/ext/-test-/fatal'
make[2]: Entering directory '/home/gitpod/.rvm/src/ruby-2.4.6/ext/-test-/file'
compiling stat.c
compiling init.c
compiling fs.c
linking shared-object -test-/file.so
make[2]: Leaving directory '/home/gitpod/.rvm/src/ruby-2.4.6/ext/-test-/file'
make[2]: Entering directory '/home/gitpod/.rvm/src/ruby-2.4.6/ext/-test-/float'
compiling init.c
compiling nextafter.c
linking shared-object -test-/float.so
make[2]: Leaving directory '/home/gitpod/.rvm/src/ruby-2.4.6/ext/-test-/float'
make[2]: Entering directory '/home/gitpod/.rvm/src/ruby-2.4.6/ext/-test-/funcall'
compiling passing_block.c
linking shared-object -test-/funcall.so
make[2]: Leaving directory '/home/gitpod/.rvm/src/ruby-2.4.6/ext/-test-/funcall'
make[2]: Entering directory '/home/gitpod/.rvm/src/ruby-2.4.6/ext/-test-/gvl/call_without_gvl'
compiling call_without_gvl.c
linking shared-object -test-/gvl/call_without_gvl.so
make[2]: Leaving directory '/home/gitpod/.rvm/src/ruby-2.4.6/ext/-test-/gvl/call_without_gvl'
make[2]: Entering directory '/home/gitpod/.rvm/src/ruby-2.4.6/ext/-test-/hash'
compiling delete.c
compiling init.c
linking shared-object -test-/hash.so
make[2]: Leaving directory '/home/gitpod/.rvm/src/ruby-2.4.6/ext/-test-/hash'
make[2]: Entering directory '/home/gitpod/.rvm/src/ruby-2.4.6/ext/-test-/integer'
compiling my_integer.c
compiling core_ext.c
compiling init.c
linking shared-object -test-/integer.so
make[2]: Leaving directory '/home/gitpod/.rvm/src/ruby-2.4.6/ext/-test-/integer'
make[2]: Entering directory '/home/gitpod/.rvm/src/ruby-2.4.6/ext/-test-/iseq_load'
compiling iseq_load.c
linking shared-object -test-/iseq_load.so
make[2]: Leaving directory '/home/gitpod/.rvm/src/ruby-2.4.6/ext/-test-/iseq_load'
make[2]: Entering directory '/home/gitpod/.rvm/src/ruby-2.4.6/ext/-test-/iter'
compiling break.c
compiling init.c
compiling yield.c
linking shared-object -test-/iter.so
make[2]: Leaving directory '/home/gitpod/.rvm/src/ruby-2.4.6/ext/-test-/iter'
make[2]: Entering directory '/home/gitpod/.rvm/src/ruby-2.4.6/ext/-test-/load/dot.dot'
compiling dot.dot.c
linking shared-object -test-/load/dot.dot.so
make[2]: Leaving directory '/home/gitpod/.rvm/src/ruby-2.4.6/ext/-test-/load/dot.dot'
make[2]: Entering directory '/home/gitpod/.rvm/src/ruby-2.4.6/ext/-test-/marshal/compat'
compiling usrcompat.c
linking shared-object -test-/marshal/compat.so
make[2]: Leaving directory '/home/gitpod/.rvm/src/ruby-2.4.6/ext/-test-/marshal/compat'
make[2]: Entering directory '/home/gitpod/.rvm/src/ruby-2.4.6/ext/-test-/marshal/internal_ivar'
compiling internal_ivar.c
linking shared-object -test-/marshal/internal_ivar.so
make[2]: Leaving directory '/home/gitpod/.rvm/src/ruby-2.4.6/ext/-test-/marshal/internal_ivar'
make[2]: Entering directory '/home/gitpod/.rvm/src/ruby-2.4.6/ext/-test-/marshal/usr'
compiling usrmarshal.c
linking shared-object -test-/marshal/usr.so
make[2]: Leaving directory '/home/gitpod/.rvm/src/ruby-2.4.6/ext/-test-/marshal/usr'
make[2]: Entering directory '/home/gitpod/.rvm/src/ruby-2.4.6/ext/-test-/method'
compiling arity.c
compiling init.c
linking shared-object -test-/method.so
make[2]: Leaving directory '/home/gitpod/.rvm/src/ruby-2.4.6/ext/-test-/method'
make[2]: Entering directory '/home/gitpod/.rvm/src/ruby-2.4.6/ext/-test-/notimplement'
compiling bug.c
linking shared-object -test-/notimplement.so
make[2]: Leaving directory '/home/gitpod/.rvm/src/ruby-2.4.6/ext/-test-/notimplement'
make[2]: Entering directory '/home/gitpod/.rvm/src/ruby-2.4.6/ext/-test-/num2int'
compiling num2int.c
linking shared-object -test-/num2int.so
make[2]: Leaving directory '/home/gitpod/.rvm/src/ruby-2.4.6/ext/-test-/num2int'
make[2]: Entering directory '/home/gitpod/.rvm/src/ruby-2.4.6/ext/-test-/path_to_class'
compiling path_to_class.c
linking shared-object -test-/path_to_class.so
make[2]: Leaving directory '/home/gitpod/.rvm/src/ruby-2.4.6/ext/-test-/path_to_class'
make[2]: Entering directory '/home/gitpod/.rvm/src/ruby-2.4.6/ext/-test-/popen_deadlock'
compiling infinite_loop_dlsym.c
linking shared-object -test-/popen_deadlock/infinite_loop_dlsym.so
make[2]: Leaving directory '/home/gitpod/.rvm/src/ruby-2.4.6/ext/-test-/popen_deadlock'
make[2]: Entering directory '/home/gitpod/.rvm/src/ruby-2.4.6/ext/-test-/postponed_job'
compiling postponed_job.c
linking shared-object -test-/postponed_job.so
make[2]: Leaving directory '/home/gitpod/.rvm/src/ruby-2.4.6/ext/-test-/postponed_job'
make[2]: Entering directory '/home/gitpod/.rvm/src/ruby-2.4.6/ext/-test-/printf'
compiling printf.c
linking shared-object -test-/printf.so
make[2]: Leaving directory '/home/gitpod/.rvm/src/ruby-2.4.6/ext/-test-/printf'
make[2]: Entering directory '/home/gitpod/.rvm/src/ruby-2.4.6/ext/-test-/proc'
compiling super.c
compiling init.c
compiling receiver.c
linking shared-object -test-/proc.so
make[2]: Leaving directory '/home/gitpod/.rvm/src/ruby-2.4.6/ext/-test-/proc'
make[2]: Entering directory '/home/gitpod/.rvm/src/ruby-2.4.6/ext/-test-/rational'
compiling rat.c
linking shared-object -test-/rational.so
make[2]: Leaving directory '/home/gitpod/.rvm/src/ruby-2.4.6/ext/-test-/rational'
make[2]: Entering directory '/home/gitpod/.rvm/src/ruby-2.4.6/ext/-test-/recursion'
compiling recursion.c
linking shared-object -test-/recursion.so
make[2]: Leaving directory '/home/gitpod/.rvm/src/ruby-2.4.6/ext/-test-/recursion'
make[2]: Entering directory '/home/gitpod/.rvm/src/ruby-2.4.6/ext/-test-/regexp'
compiling parse_depth_limit.c
compiling init.c
linking shared-object -test-/regexp.so
make[2]: Leaving directory '/home/gitpod/.rvm/src/ruby-2.4.6/ext/-test-/regexp'
make[2]: Entering directory '/home/gitpod/.rvm/src/ruby-2.4.6/ext/-test-/scan_args'
compiling scan_args.c
linking shared-object -test-/scan_args.so
make[2]: Leaving directory '/home/gitpod/.rvm/src/ruby-2.4.6/ext/-test-/scan_args'
make[2]: Entering directory '/home/gitpod/.rvm/src/ruby-2.4.6/ext/-test-/st/foreach'
compiling foreach.c
linking shared-object -test-/st/foreach.so
make[2]: Leaving directory '/home/gitpod/.rvm/src/ruby-2.4.6/ext/-test-/st/foreach'
make[2]: Entering directory '/home/gitpod/.rvm/src/ruby-2.4.6/ext/-test-/st/numhash'
compiling numhash.c
linking shared-object -test-/st/numhash.so
make[2]: Leaving directory '/home/gitpod/.rvm/src/ruby-2.4.6/ext/-test-/st/numhash'
make[2]: Entering directory '/home/gitpod/.rvm/src/ruby-2.4.6/ext/-test-/st/update'
compiling update.c
linking shared-object -test-/st/update.so
make[2]: Leaving directory '/home/gitpod/.rvm/src/ruby-2.4.6/ext/-test-/st/update'
make[2]: Entering directory '/home/gitpod/.rvm/src/ruby-2.4.6/ext/-test-/string'
compiling nofree.c
compiling enc_associate.c
compiling coderange.c
compiling ellipsize.c
compiling modify.c
compiling normalize.c
compiling capacity.c
compiling fstring.c
compiling enc_str_buf_cat.c
compiling set_len.c
compiling qsort.c
compiling init.c
compiling cstr.c
linking shared-object -test-/string.so
make[2]: Leaving directory '/home/gitpod/.rvm/src/ruby-2.4.6/ext/-test-/string'
make[2]: Entering directory '/home/gitpod/.rvm/src/ruby-2.4.6/ext/-test-/struct'
compiling duplicate.c
compiling member.c
compiling init.c
compiling len.c
linking shared-object -test-/struct.so
make[2]: Leaving directory '/home/gitpod/.rvm/src/ruby-2.4.6/ext/-test-/struct'
make[2]: Entering directory '/home/gitpod/.rvm/src/ruby-2.4.6/ext/-test-/symbol'
compiling type.c
compiling init.c
linking shared-object -test-/symbol.so
make[2]: Leaving directory '/home/gitpod/.rvm/src/ruby-2.4.6/ext/-test-/symbol'
make[2]: Entering directory '/home/gitpod/.rvm/src/ruby-2.4.6/ext/-test-/thread_fd_close'
compiling thread_fd_close.c
linking shared-object -test-/thread_fd_close.so
make[2]: Leaving directory '/home/gitpod/.rvm/src/ruby-2.4.6/ext/-test-/thread_fd_close'
make[2]: Entering directory '/home/gitpod/.rvm/src/ruby-2.4.6/ext/-test-/time'
compiling new.c
compiling init.c
linking shared-object -test-/time.so
make[2]: Leaving directory '/home/gitpod/.rvm/src/ruby-2.4.6/ext/-test-/time'
make[2]: Entering directory '/home/gitpod/.rvm/src/ruby-2.4.6/ext/-test-/tracepoint'
compiling gc_hook.c
compiling tracepoint.c
linking shared-object -test-/tracepoint.so
make[2]: Leaving directory '/home/gitpod/.rvm/src/ruby-2.4.6/ext/-test-/tracepoint'
make[2]: Entering directory '/home/gitpod/.rvm/src/ruby-2.4.6/ext/-test-/typeddata'
compiling typeddata.c
linking shared-object -test-/typeddata.so
make[2]: Leaving directory '/home/gitpod/.rvm/src/ruby-2.4.6/ext/-test-/typeddata'
make[2]: Entering directory '/home/gitpod/.rvm/src/ruby-2.4.6/ext/-test-/vm'
compiling at_exit.c
linking shared-object -test-/vm/at_exit.so
make[2]: Leaving directory '/home/gitpod/.rvm/src/ruby-2.4.6/ext/-test-/vm'
make[2]: Entering directory '/home/gitpod/.rvm/src/ruby-2.4.6/ext/-test-/wait_for_single_fd'
compiling wait_for_single_fd.c
linking shared-object -test-/wait_for_single_fd.so
make[2]: Leaving directory '/home/gitpod/.rvm/src/ruby-2.4.6/ext/-test-/wait_for_single_fd'
make[2]: Entering directory '/home/gitpod/.rvm/src/ruby-2.4.6/ext/bigdecimal'
compiling bigdecimal.c
linking shared-object bigdecimal.so
installing default bigdecimal libraries
make[2]: Leaving directory '/home/gitpod/.rvm/src/ruby-2.4.6/ext/bigdecimal'
make[2]: Entering directory '/home/gitpod/.rvm/src/ruby-2.4.6/ext/cgi/escape'
compiling escape.c
linking shared-object cgi/escape.so
make[2]: Leaving directory '/home/gitpod/.rvm/src/ruby-2.4.6/ext/cgi/escape'
make[2]: Entering directory '/home/gitpod/.rvm/src/ruby-2.4.6/ext/continuation'
compiling continuation.c
linking shared-object continuation.so
make[2]: Leaving directory '/home/gitpod/.rvm/src/ruby-2.4.6/ext/continuation'
make[2]: Entering directory '/home/gitpod/.rvm/src/ruby-2.4.6/ext/coverage'
compiling coverage.c
linking shared-object coverage.so
make[2]: Leaving directory '/home/gitpod/.rvm/src/ruby-2.4.6/ext/coverage'
make[2]: Entering directory '/home/gitpod/.rvm/src/ruby-2.4.6/ext/date'
compiling date_core.c
compiling date_parse.c
compiling date_strftime.c
compiling date_strptime.c
linking shared-object date_core.so
installing default date_core libraries
make[2]: Leaving directory '/home/gitpod/.rvm/src/ruby-2.4.6/ext/date'
make[2]: Entering directory '/home/gitpod/.rvm/src/ruby-2.4.6/ext/dbm'
compiling dbm.c
linking shared-object dbm.so
make[2]: Leaving directory '/home/gitpod/.rvm/src/ruby-2.4.6/ext/dbm'
make[2]: Entering directory '/home/gitpod/.rvm/src/ruby-2.4.6/ext/digest'
compiling digest.c
linking shared-object digest.so
installing digest libraries
installing default digest libraries
make[2]: Leaving directory '/home/gitpod/.rvm/src/ruby-2.4.6/ext/digest'
make[2]: Entering directory '/home/gitpod/.rvm/src/ruby-2.4.6/ext/digest/bubblebabble'
compiling bubblebabble.c
linking shared-object digest/bubblebabble.so
make[2]: Leaving directory '/home/gitpod/.rvm/src/ruby-2.4.6/ext/digest/bubblebabble'
make[2]: Entering directory '/home/gitpod/.rvm/src/ruby-2.4.6/ext/digest/md5'
compiling md5init.c
md5init.c:20:5: warning: cast between incompatible function types from ‘int (*)(MD5_CTX *, const void *, size_t)’ {aka ‘int (*)(struct MD5state_st *, const void *, long unsigned int)’} to ‘void (*)(void *, unsigned char *, size_t)’ {aka ‘void (*)(void *, unsigned char *, long unsigned int)’} [-Wcast-function-type]
     (rb_digest_hash_update_func_t)MD5_Update,
     ^
cc1: warning: unrecognized command line option ‘-Wno-self-assign’
cc1: warning: unrecognized command line option ‘-Wno-constant-logical-operand’
cc1: warning: unrecognized command line option ‘-Wno-parentheses-equality’
linking shared-object digest/md5.so
make[2]: Leaving directory '/home/gitpod/.rvm/src/ruby-2.4.6/ext/digest/md5'
make[2]: Entering directory '/home/gitpod/.rvm/src/ruby-2.4.6/ext/digest/rmd160'
compiling rmd160init.c
rmd160init.c:18:5: warning: cast between incompatible function types from ‘int (*)(RIPEMD160_CTX *, const void *, size_t)’ {aka ‘int (*)(struct RIPEMD160state_st *, const void *, long unsigned int)’} to ‘void (*)(void *, unsigned char *, size_t)’ {aka ‘void (*)(void *, unsigned char *, long unsigned int)’} [-Wcast-function-type]
     (rb_digest_hash_update_func_t)RMD160_Update,
     ^
cc1: warning: unrecognized command line option ‘-Wno-self-assign’
cc1: warning: unrecognized command line option ‘-Wno-constant-logical-operand’
cc1: warning: unrecognized command line option ‘-Wno-parentheses-equality’
linking shared-object digest/rmd160.so
make[2]: Leaving directory '/home/gitpod/.rvm/src/ruby-2.4.6/ext/digest/rmd160'
make[2]: Entering directory '/home/gitpod/.rvm/src/ruby-2.4.6/ext/digest/sha1'
compiling sha1init.c
sha1init.c:20:5: warning: cast between incompatible function types from ‘int (*)(SHA_CTX *, const void *, size_t)’ {aka ‘int (*)(struct SHAstate_st *, const void *, long unsigned int)’} to ‘void (*)(void *, unsigned char *, size_t)’ {aka ‘void (*)(void *, unsigned char *, long unsigned int)’} [-Wcast-function-type]
     (rb_digest_hash_update_func_t)SHA1_Update,
     ^
cc1: warning: unrecognized command line option ‘-Wno-self-assign’
cc1: warning: unrecognized command line option ‘-Wno-constant-logical-operand’
cc1: warning: unrecognized command line option ‘-Wno-parentheses-equality’
linking shared-object digest/sha1.so
make[2]: Leaving directory '/home/gitpod/.rvm/src/ruby-2.4.6/ext/digest/sha1'
make[2]: Entering directory '/home/gitpod/.rvm/src/ruby-2.4.6/ext/digest/sha2'
compiling sha2init.c
sha2init.c:23:5: warning: cast between incompatible function types from ‘int (*)(SHA256_CTX *, const void *, size_t)’ {aka ‘int (*)(struct SHA256state_st *, const void *, long unsigned int)’} to ‘void (*)(void *, unsigned char *, size_t)’ {aka ‘void (*)(void *, unsigned char *, long unsigned int)’} [-Wcast-function-type]
     (rb_digest_hash_update_func_t)SHA##bitlen##_Update, \
     ^
sha2init.c:14:30: note: in expansion of macro ‘DEFINE_ALGO_METADATA’
 #define FOREACH_BITLEN(func) func(256) func(384) func(512)
                              ^~~~
sha2init.c:27:1: note: in expansion of macro ‘FOREACH_BITLEN’
 FOREACH_BITLEN(DEFINE_ALGO_METADATA)
 ^~~~~~~~~~~~~~
sha2init.c:23:5: warning: cast between incompatible function types from ‘int (*)(SHA512_CTX *, const void *, size_t)’ {aka ‘int (*)(struct SHA512state_st *, const void *, long unsigned int)’} to ‘void (*)(void *, unsigned char *, size_t)’ {aka ‘void (*)(void *, unsigned char *, long unsigned int)’} [-Wcast-function-type]
     (rb_digest_hash_update_func_t)SHA##bitlen##_Update, \
     ^
sha2init.c:14:40: note: in expansion of macro ‘DEFINE_ALGO_METADATA’
 #define FOREACH_BITLEN(func) func(256) func(384) func(512)
                                        ^~~~
sha2init.c:27:1: note: in expansion of macro ‘FOREACH_BITLEN’
 FOREACH_BITLEN(DEFINE_ALGO_METADATA)
 ^~~~~~~~~~~~~~
sha2init.c:23:5: warning: cast between incompatible function types from ‘int (*)(SHA512_CTX *, const void *, size_t)’ {aka ‘int (*)(struct SHA512state_st *, const void *, long unsigned int)’} to ‘void (*)(void *, unsigned char *, size_t)’ {aka ‘void (*)(void *, unsigned char *, long unsigned int)’} [-Wcast-function-type]
     (rb_digest_hash_update_func_t)SHA##bitlen##_Update, \
     ^
sha2init.c:14:50: note: in expansion of macro ‘DEFINE_ALGO_METADATA’
 #define FOREACH_BITLEN(func) func(256) func(384) func(512)
                                                  ^~~~
sha2init.c:27:1: note: in expansion of macro ‘FOREACH_BITLEN’
 FOREACH_BITLEN(DEFINE_ALGO_METADATA)
 ^~~~~~~~~~~~~~
cc1: warning: unrecognized command line option ‘-Wno-self-assign’
cc1: warning: unrecognized command line option ‘-Wno-constant-logical-operand’
cc1: warning: unrecognized command line option ‘-Wno-parentheses-equality’
linking shared-object digest/sha2.so
installing default sha2 libraries
make[2]: Leaving directory '/home/gitpod/.rvm/src/ruby-2.4.6/ext/digest/sha2'
make[2]: Entering directory '/home/gitpod/.rvm/src/ruby-2.4.6/ext/etc'
generating constant definitions
compiling etc.c
linking shared-object etc.so
make[2]: Leaving directory '/home/gitpod/.rvm/src/ruby-2.4.6/ext/etc'
make[2]: Entering directory '/home/gitpod/.rvm/src/ruby-2.4.6/ext/fcntl'
compiling fcntl.c
linking shared-object fcntl.so
make[2]: Leaving directory '/home/gitpod/.rvm/src/ruby-2.4.6/ext/fcntl'
make[2]: Entering directory '/home/gitpod/.rvm/src/ruby-2.4.6/ext/fiber'
compiling fiber.c
linking shared-object fiber.so
make[2]: Leaving directory '/home/gitpod/.rvm/src/ruby-2.4.6/ext/fiber'
make[2]: Entering directory '/home/gitpod/.rvm/src/ruby-2.4.6/ext/fiddle'
compiling closure.c
compiling conversions.c
compiling fiddle.c
compiling function.c
compiling handle.c
compiling pointer.c
linking shared-object fiddle.so
installing default fiddle libraries
make[2]: Leaving directory '/home/gitpod/.rvm/src/ruby-2.4.6/ext/fiddle'
make[2]: Entering directory '/home/gitpod/.rvm/src/ruby-2.4.6/ext/gdbm'
compiling gdbm.c
linking shared-object gdbm.so
make[2]: Leaving directory '/home/gitpod/.rvm/src/ruby-2.4.6/ext/gdbm'
make[2]: Entering directory '/home/gitpod/.rvm/src/ruby-2.4.6/ext/io/console'
compiling console.c
linking shared-object io/console.so
installing default console libraries
make[2]: Leaving directory '/home/gitpod/.rvm/src/ruby-2.4.6/ext/io/console'
make[2]: Entering directory '/home/gitpod/.rvm/src/ruby-2.4.6/ext/io/nonblock'
compiling nonblock.c
linking shared-object io/nonblock.so
make[2]: Leaving directory '/home/gitpod/.rvm/src/ruby-2.4.6/ext/io/nonblock'
make[2]: Entering directory '/home/gitpod/.rvm/src/ruby-2.4.6/ext/io/wait'
compiling wait.c
linking shared-object io/wait.so
make[2]: Leaving directory '/home/gitpod/.rvm/src/ruby-2.4.6/ext/io/wait'
make[2]: Entering directory '/home/gitpod/.rvm/src/ruby-2.4.6/ext/json'
installing default libraries
make[2]: Leaving directory '/home/gitpod/.rvm/src/ruby-2.4.6/ext/json'
make[2]: Entering directory '/home/gitpod/.rvm/src/ruby-2.4.6/ext/json/generator'
compiling generator.c
linking shared-object json/ext/generator.so
make[2]: Leaving directory '/home/gitpod/.rvm/src/ruby-2.4.6/ext/json/generator'
make[2]: Entering directory '/home/gitpod/.rvm/src/ruby-2.4.6/ext/json/parser'
compiling parser.c
linking shared-object json/ext/parser.so
make[2]: Leaving directory '/home/gitpod/.rvm/src/ruby-2.4.6/ext/json/parser'
make[2]: Entering directory '/home/gitpod/.rvm/src/ruby-2.4.6/ext/mathn/complex'
compiling complex.c
linking shared-object mathn/complex.so
make[2]: Leaving directory '/home/gitpod/.rvm/src/ruby-2.4.6/ext/mathn/complex'
make[2]: Entering directory '/home/gitpod/.rvm/src/ruby-2.4.6/ext/mathn/rational'
compiling rational.c
linking shared-object mathn/rational.so
make[2]: Leaving directory '/home/gitpod/.rvm/src/ruby-2.4.6/ext/mathn/rational'
make[2]: Entering directory '/home/gitpod/.rvm/src/ruby-2.4.6/ext/nkf'
compiling nkf.c
linking shared-object nkf.so
installing default nkf libraries
make[2]: Leaving directory '/home/gitpod/.rvm/src/ruby-2.4.6/ext/nkf'
make[2]: Entering directory '/home/gitpod/.rvm/src/ruby-2.4.6/ext/objspace'
compiling object_tracing.c
compiling objspace.c
compiling objspace_dump.c
linking shared-object objspace.so
make[2]: Leaving directory '/home/gitpod/.rvm/src/ruby-2.4.6/ext/objspace'
make[2]: Entering directory '/home/gitpod/.rvm/src/ruby-2.4.6/ext/openssl'
compiling openssl_missing.c
compiling ossl.c
ossl.c: In function ‘ossl_protect_x509_ary2sk’:
ossl.c:47:6: warning: cast between incompatible function types from ‘struct stack_st_X509 * (*)(VALUE)’ {aka ‘struct stack_st_X509 * (*)(long unsigned int)’} to ‘VALUE (*)(VALUE)’ {aka ‘long unsigned int (*)(long unsigned int)’} [-Wcast-function-type]
      (VALUE (*)(VALUE))ossl_##name##_ary2sk0,  \
      ^
ossl.c:63:1: note: in expansion of macro ‘OSSL_IMPL_ARY2SK’
 OSSL_IMPL_ARY2SK(x509, X509, cX509Cert, DupX509CertPtr)
 ^~~~~~~~~~~~~~~~
ossl.c: In function ‘ossl_buf2str’:
ossl.c:106:22: warning: cast between incompatible function types from ‘VALUE (*)(int)’ {aka ‘long unsigned int (*)(int)’} to ‘VALUE (*)(VALUE)’ {aka ‘long unsigned int (*)(long unsigned int)’} [-Wcast-function-type]
     str = rb_protect((VALUE (*)(VALUE))ossl_str_new, len, &status);
                      ^
ossl.c: At top level:
cc1: warning: unrecognized command line option ‘-Wno-self-assign’
cc1: warning: unrecognized command line option ‘-Wno-constant-logical-operand’
cc1: warning: unrecognized command line option ‘-Wno-parentheses-equality’
compiling ossl_asn1.c
ossl_asn1.c: In function ‘decode_int’:
ossl_asn1.c:347:22: warning: cast between incompatible function types from ‘VALUE (*)(const ASN1_INTEGER *)’ {aka ‘long unsigned int (*)(const struct asn1_string_st *)’} to ‘VALUE (*)(VALUE)’ {aka ‘long unsigned int (*)(long unsigned int)’} [-Wcast-function-type]
     ret = rb_protect((VALUE (*)(VALUE))asn1integer_to_num,
                      ^
ossl_asn1.c: In function ‘decode_enum’:
ossl_asn1.c:387:22: warning: cast between incompatible function types from ‘VALUE (*)(const ASN1_INTEGER *)’ {aka ‘long unsigned int (*)(const struct asn1_string_st *)’} to ‘VALUE (*)(VALUE)’ {aka ‘long unsigned int (*)(long unsigned int)’} [-Wcast-function-type]
     ret = rb_protect((VALUE (*)(VALUE))asn1integer_to_num,
                      ^
ossl_asn1.c: In function ‘decode_time’:
ossl_asn1.c:449:22: warning: cast between incompatible function types from ‘VALUE (*)(const ASN1_TIME *)’ {aka ‘long unsigned int (*)(const struct asn1_string_st *)’} to ‘VALUE (*)(VALUE)’ {aka ‘long unsigned int (*)(long unsigned int)’} [-Wcast-function-type]
     ret = rb_protect((VALUE (*)(VALUE))asn1time_to_time,
                      ^
ossl_asn1.c: At top level:
cc1: warning: unrecognized command line option ‘-Wno-self-assign’
cc1: warning: unrecognized command line option ‘-Wno-constant-logical-operand’
cc1: warning: unrecognized command line option ‘-Wno-parentheses-equality’
compiling ossl_bio.c
ossl_bio.c: In function ‘ossl_protect_membio2str’:
ossl_bio.c:43:23: warning: cast between incompatible function types from ‘VALUE (*)(BIO *)’ {aka ‘long unsigned int (*)(struct bio_st *)’} to ‘VALUE (*)(VALUE)’ {aka ‘long unsigned int (*)(long unsigned int)’} [-Wcast-function-type]
     return rb_protect((VALUE (*)(VALUE))ossl_membio2str0, (VALUE)bio, status);
                       ^
ossl_bio.c: At top level:
cc1: warning: unrecognized command line option ‘-Wno-self-assign’
cc1: warning: unrecognized command line option ‘-Wno-constant-logical-operand’
cc1: warning: unrecognized command line option ‘-Wno-parentheses-equality’
compiling ossl_bn.c
compiling ossl_cipher.c
ossl_cipher.c: In function ‘ossl_s_ciphers’:
ossl_cipher.c:176:21: warning: cast between incompatible function types from ‘void * (*)(const OBJ_NAME *, VALUE)’ {aka ‘void * (*)(const struct obj_name_st *, long unsigned int)’} to ‘void (*)(const OBJ_NAME *, void *)’ {aka ‘void (*)(const struct obj_name_st *, void *)’} [-Wcast-function-type]
                     (void(*)(const OBJ_NAME*,void*))add_cipher_name_to_ary,
                     ^
ossl_cipher.c: At top level:
cc1: warning: unrecognized command line option ‘-Wno-self-assign’
cc1: warning: unrecognized command line option ‘-Wno-constant-logical-operand’
cc1: warning: unrecognized command line option ‘-Wno-parentheses-equality’
compiling ossl_config.c
compiling ossl_digest.c
compiling ossl_engine.c
compiling ossl_hmac.c
compiling ossl_ns_spki.c
compiling ossl_ocsp.c
compiling ossl_pkcs12.c
ossl_pkcs12.c: In function ‘ossl_pkcs12_initialize’:
ossl_pkcs12.c:194:20: warning: cast between incompatible function types from ‘VALUE (*)(EVP_PKEY *)’ {aka ‘long unsigned int (*)(struct evp_pkey_st *)’} to ‘VALUE (*)(VALUE)’ {aka ‘long unsigned int (*)(long unsigned int)’} [-Wcast-function-type]
  pkey = rb_protect((VALUE (*)(VALUE))ossl_pkey_new, (VALUE)key, &st);
                    ^
ossl_pkcs12.c:198:20: warning: cast between incompatible function types from ‘VALUE (*)(X509 *)’ {aka ‘long unsigned int (*)(struct x509_st *)’} to ‘VALUE (*)(VALUE)’ {aka ‘long unsigned int (*)(long unsigned int)’} [-Wcast-function-type]
  cert = rb_protect((VALUE (*)(VALUE))ossl_x509_new, (VALUE)x509, &st);
                    ^
ossl_pkcs12.c:202:18: warning: cast between incompatible function types from ‘VALUE (*)(const struct stack_st_X509 *)’ {aka ‘long unsigned int (*)(const struct stack_st_X509 *)’} to ‘VALUE (*)(VALUE)’ {aka ‘long unsigned int (*)(long unsigned int)’} [-Wcast-function-type]
  ca = rb_protect((VALUE (*)(VALUE))ossl_x509_sk2ary, (VALUE)x509s, &st);
                  ^
ossl_pkcs12.c: At top level:
cc1: warning: unrecognized command line option ‘-Wno-self-assign’
cc1: warning: unrecognized command line option ‘-Wno-constant-logical-operand’
cc1: warning: unrecognized command line option ‘-Wno-parentheses-equality’
compiling ossl_pkcs5.c
compiling ossl_pkcs7.c
compiling ossl_pkey.c
ossl_pkey.c: In function ‘ossl_pkey_new’:
ossl_pkey.c:134:22: warning: cast between incompatible function types from ‘VALUE (*)(EVP_PKEY *)’ {aka ‘long unsigned int (*)(struct evp_pkey_st *)’} to ‘VALUE (*)(VALUE)’ {aka ‘long unsigned int (*)(long unsigned int)’} [-Wcast-function-type]
     obj = rb_protect((VALUE (*)(VALUE))pkey_new0, (VALUE)pkey, &status);
                      ^
ossl_pkey.c: At top level:
cc1: warning: unrecognized command line option ‘-Wno-self-assign’
cc1: warning: unrecognized command line option ‘-Wno-constant-logical-operand’
cc1: warning: unrecognized command line option ‘-Wno-parentheses-equality’
compiling ossl_pkey_dh.c
compiling ossl_pkey_dsa.c
compiling ossl_pkey_ec.c
compiling ossl_pkey_rsa.c
compiling ossl_rand.c
compiling ossl_ssl.c
ossl_ssl.c: In function ‘ossl_tmp_dh_callback’:
ossl_ssl.c:270:35: warning: cast between incompatible function types from ‘EVP_PKEY * (*)(struct tmp_dh_callback_args *)’ {aka ‘struct evp_pkey_st * (*)(struct tmp_dh_callback_args *)’} to ‘VALUE (*)(VALUE)’ {aka ‘long unsigned int (*)(long unsigned int)’} [-Wcast-function-type]
     pkey = (EVP_PKEY *)rb_protect((VALUE (*)(VALUE))ossl_call_tmp_dh_callback,
                                   ^
ossl_ssl.c: At top level:
cc1: warning: unrecognized command line option ‘-Wno-self-assign’
cc1: warning: unrecognized command line option ‘-Wno-constant-logical-operand’
cc1: warning: unrecognized command line option ‘-Wno-parentheses-equality’
compiling ossl_ssl_session.c
compiling ossl_x509.c
compiling ossl_x509attr.c
compiling ossl_x509cert.c
compiling ossl_x509crl.c
compiling ossl_x509ext.c
compiling ossl_x509name.c
compiling ossl_x509req.c
compiling ossl_x509revoked.c
compiling ossl_x509store.c
ossl_x509store.c: In function ‘ossl_verify_cb_call’:
ossl_x509store.c:80:23: warning: cast between incompatible function types from ‘VALUE (*)(X509_STORE_CTX *)’ {aka ‘long unsigned int (*)(struct x509_store_ctx_st *)’} to ‘VALUE (*)(VALUE)’ {aka ‘long unsigned int (*)(long unsigned int)’} [-Wcast-function-type]
     rctx = rb_protect((VALUE(*)(VALUE))ossl_x509stctx_new, (VALUE)ctx, &state);
                       ^
ossl_x509store.c:89:19: warning: cast between incompatible function types from ‘VALUE (*)(struct ossl_verify_cb_args *)’ {aka ‘long unsigned int (*)(struct ossl_verify_cb_args *)’} to ‘VALUE (*)(VALUE)’ {aka ‘long unsigned int (*)(long unsigned int)’} [-Wcast-function-type]
  ret = rb_protect((VALUE(*)(VALUE))call_verify_cb_proc, (VALUE)&args, &state);
                   ^
ossl_x509store.c: At top level:
cc1: warning: unrecognized command line option ‘-Wno-self-assign’
cc1: warning: unrecognized command line option ‘-Wno-constant-logical-operand’
cc1: warning: unrecognized command line option ‘-Wno-parentheses-equality’
linking shared-object openssl.so
installing default openssl libraries
make[2]: Leaving directory '/home/gitpod/.rvm/src/ruby-2.4.6/ext/openssl'
make[2]: Entering directory '/home/gitpod/.rvm/src/ruby-2.4.6/ext/pathname'
compiling pathname.c
linking shared-object pathname.so
installing default pathname libraries
make[2]: Leaving directory '/home/gitpod/.rvm/src/ruby-2.4.6/ext/pathname'
make[2]: Entering directory '/home/gitpod/.rvm/src/ruby-2.4.6/ext/psych'
compiling psych.c
compiling psych_emitter.c
compiling psych_parser.c
compiling psych_to_ruby.c
compiling psych_yaml_tree.c
linking shared-object psych.so
installing default psych libraries
make[2]: Leaving directory '/home/gitpod/.rvm/src/ruby-2.4.6/ext/psych'
make[2]: Entering directory '/home/gitpod/.rvm/src/ruby-2.4.6/ext/pty'
compiling pty.c
linking shared-object pty.so
installing default pty libraries
make[2]: Leaving directory '/home/gitpod/.rvm/src/ruby-2.4.6/ext/pty'
make[2]: Entering directory '/home/gitpod/.rvm/src/ruby-2.4.6/ext/racc/cparse'
compiling cparse.c
linking shared-object racc/cparse.so
make[2]: Leaving directory '/home/gitpod/.rvm/src/ruby-2.4.6/ext/racc/cparse'
make[2]: Entering directory '/home/gitpod/.rvm/src/ruby-2.4.6/ext/rbconfig/sizeof'
compiling sizes.c
linking shared-object rbconfig/sizeof.so
make[2]: Leaving directory '/home/gitpod/.rvm/src/ruby-2.4.6/ext/rbconfig/sizeof'
make[2]: Entering directory '/home/gitpod/.rvm/src/ruby-2.4.6/ext/readline'
compiling readline.c
linking shared-object readline.so
make[2]: Leaving directory '/home/gitpod/.rvm/src/ruby-2.4.6/ext/readline'
make[2]: Entering directory '/home/gitpod/.rvm/src/ruby-2.4.6/ext/ripper'
compiling ripper.c
linking shared-object ripper.so
installing default ripper libraries
checking ../.././parse.y and ../.././ext/ripper/eventids2.c
make[2]: Leaving directory '/home/gitpod/.rvm/src/ruby-2.4.6/ext/ripper'
make[2]: Entering directory '/home/gitpod/.rvm/src/ruby-2.4.6/ext/rubyvm'
installing default libraries
make[2]: Leaving directory '/home/gitpod/.rvm/src/ruby-2.4.6/ext/rubyvm'
make[2]: Entering directory '/home/gitpod/.rvm/src/ruby-2.4.6/ext/sdbm'
compiling _sdbm.c
compiling init.c
linking shared-object sdbm.so
make[2]: Leaving directory '/home/gitpod/.rvm/src/ruby-2.4.6/ext/sdbm'
make[2]: Entering directory '/home/gitpod/.rvm/src/ruby-2.4.6/ext/socket'
compiling init.c
compiling constants.c
compiling basicsocket.c
compiling socket.c
compiling ipsocket.c
compiling tcpsocket.c
compiling tcpserver.c
compiling sockssocket.c
compiling udpsocket.c
compiling unixsocket.c
compiling unixserver.c
compiling option.c
compiling ancdata.c
compiling raddrinfo.c
compiling ifaddr.c
linking shared-object socket.so
installing default socket libraries
make[2]: Leaving directory '/home/gitpod/.rvm/src/ruby-2.4.6/ext/socket'
make[2]: Entering directory '/home/gitpod/.rvm/src/ruby-2.4.6/ext/stringio'
compiling stringio.c
linking shared-object stringio.so
make[2]: Leaving directory '/home/gitpod/.rvm/src/ruby-2.4.6/ext/stringio'
make[2]: Entering directory '/home/gitpod/.rvm/src/ruby-2.4.6/ext/strscan'
compiling strscan.c
linking shared-object strscan.so
make[2]: Leaving directory '/home/gitpod/.rvm/src/ruby-2.4.6/ext/strscan'
make[2]: Entering directory '/home/gitpod/.rvm/src/ruby-2.4.6/ext/syslog'
compiling syslog.c
linking shared-object syslog.so
installing default syslog libraries
make[2]: Leaving directory '/home/gitpod/.rvm/src/ruby-2.4.6/ext/syslog'
make[2]: Entering directory '/home/gitpod/.rvm/src/ruby-2.4.6/ext/zlib'
compiling zlib.c
zlib.c: In function ‘zstream_expand_buffer_protect’:
zlib.c:679:16: warning: cast between incompatible function types from ‘void (*)(struct zstream *)’ to ‘VALUE (*)(VALUE)’ {aka ‘long unsigned int (*)(long unsigned int)’} [-Wcast-function-type]
     rb_protect((VALUE (*)(VALUE))zstream_expand_buffer, (VALUE)z, &state);
                ^
zlib.c: In function ‘zlib_gzip_ensure’:
zlib.c:4252:15: warning: cast between incompatible function types from ‘void (*)(struct gzfile *)’ to ‘VALUE (*)()’ {aka ‘long unsigned int (*)()’} [-Wcast-function-type]
     rb_rescue((VALUE(*)())gz->end, arg, NULL, Qnil);
               ^
zlib.c: At top level:
cc1: warning: unrecognized command line option ‘-Wno-self-assign’
cc1: warning: unrecognized command line option ‘-Wno-constant-logical-operand’
cc1: warning: unrecognized command line option ‘-Wno-parentheses-equality’
linking shared-object zlib.so
make[2]: Leaving directory '/home/gitpod/.rvm/src/ruby-2.4.6/ext/zlib'
make[2]: Entering directory '/home/gitpod/.rvm/src/ruby-2.4.6'
linking shared-library libruby.so.2.4.6
linking ruby
make[2]: Leaving directory '/home/gitpod/.rvm/src/ruby-2.4.6'
make[1]: Leaving directory '/home/gitpod/.rvm/src/ruby-2.4.6'
