[2019-09-03 13:58:55] alias_delete_execute
alias_delete_execute () 
{ 
    for _path in "$rvm_rubies_path" "$rvm_gems_path" "$rvm_environments_path" "$rvm_wrappers_path";
    do
        if [[ -L "$_path/$1" ]]; then
            \command \rm -fv "$_path/$1" || return $?;
        fi;
    done;
    __rvm_db_ "$rvm_path/config/alias" "$1" "delete";
    alias_after_delete_default "$1" || return $?
}
current path: /home/gitpod
GEM_PATH=/home/gitpod/.rvm/gems/ruby-2.6.3:/home/gitpod/.rvm/gems/ruby-2.6.3@global
GEM_HOME=/home/gitpod/.rvm/gems/ruby-2.6.3
PATH=/home/gitpod/.rvm/gems/ruby-2.6.3/bin:/home/gitpod/.rvm/gems/ruby-2.6.3@global/bin:/home/gitpod/.rvm/rubies/ruby-2.6.3/bin:/home/gitpod/.rvm/bin:/home/gitpod/.sdkman/candidates/maven/current/bin:/home/gitpod/.sdkman/candidates/java/current/bin:/home/gitpod/.sdkman/candidates/gradle/current/bin:/home/gitpod/.pyenv/bin:/home/gitpod/.pyenv/shims:/home/gitpod/.nvm/versions/node/v10.15.3/bin:/workspace/go/bin:/home/gitpod/go/bin:/home/gitpod/go-packages/bin:/usr/local/sbin:/usr/local/bin:/usr/sbin:/usr/bin:/sbin:/bin
command(2): alias_delete_execute default
+ for _path in "$rvm_rubies_path" "$rvm_gems_path" "$rvm_environments_path" "$rvm_wrappers_path"
+ [[ -L /home/gitpod/.rvm/rubies/default ]]
+ command rm -fv /home/gitpod/.rvm/rubies/default
+ rm -fv /home/gitpod/.rvm/rubies/default
removed '/home/gitpod/.rvm/rubies/default'
+ for _path in "$rvm_rubies_path" "$rvm_gems_path" "$rvm_environments_path" "$rvm_wrappers_path"
+ [[ -L /home/gitpod/.rvm/gems/default ]]
+ command rm -fv /home/gitpod/.rvm/gems/default
+ rm -fv /home/gitpod/.rvm/gems/default
removed '/home/gitpod/.rvm/gems/default'
+ for _path in "$rvm_rubies_path" "$rvm_gems_path" "$rvm_environments_path" "$rvm_wrappers_path"
+ [[ -L /home/gitpod/.rvm/environments/default ]]
+ command rm -fv /home/gitpod/.rvm/environments/default
+ rm -fv /home/gitpod/.rvm/environments/default
removed '/home/gitpod/.rvm/environments/default'
+ for _path in "$rvm_rubies_path" "$rvm_gems_path" "$rvm_environments_path" "$rvm_wrappers_path"
+ [[ -L /home/gitpod/.rvm/wrappers/default ]]
+ command rm -fv /home/gitpod/.rvm/wrappers/default
+ rm -fv /home/gitpod/.rvm/wrappers/default
removed '/home/gitpod/.rvm/wrappers/default'
+ __rvm_db_ /home/gitpod/.rvm/config/alias default delete
+ typeset __db __key __value
+ __db=/home/gitpod/.rvm/config/alias
+ __key=default
+ shift 2
+ __value=delete
+ case "${__value}" in
+ __rvm_db_remove /home/gitpod/.rvm/config/alias default
+ [[ -f /home/gitpod/.rvm/config/alias ]]
+ __rvm_sed -e '\#^default=# d' -e '/^$/d' /home/gitpod/.rvm/config/alias
+ sed -e '\#^default=# d' -e '/^$/d' /home/gitpod/.rvm/config/alias
+ command mv -f /home/gitpod/.rvm/config/alias.new /home/gitpod/.rvm/config/alias
+ mv -f /home/gitpod/.rvm/config/alias.new /home/gitpod/.rvm/config/alias
+ alias_after_delete_default default
+ [[ default == \d\e\f\a\u\l\t ]]
+ for _path in "$rvm_bin_path"/default_*
+ [[ -f /home/gitpod/.rvm/bin/default_* ]]
+ _path='/home/gitpod/.rvm/bin/default_*'
+ [[ -f /home/gitpod/.rvm/bin/default_* ]]
+ for _path in "$rvm_path"/wrappers/default/* gem irb erb ri rdoc testrb rake ruby bundle
+ _path='*'
+ command rm -fv '/home/gitpod/.rvm/bin/*'
+ rm -fv '/home/gitpod/.rvm/bin/*'
+ for _path in "$rvm_path"/wrappers/default/* gem irb erb ri rdoc testrb rake ruby bundle
+ _path=gem
+ command rm -fv /home/gitpod/.rvm/bin/gem
+ rm -fv /home/gitpod/.rvm/bin/gem
+ for _path in "$rvm_path"/wrappers/default/* gem irb erb ri rdoc testrb rake ruby bundle
+ _path=irb
+ command rm -fv /home/gitpod/.rvm/bin/irb
+ rm -fv /home/gitpod/.rvm/bin/irb
+ for _path in "$rvm_path"/wrappers/default/* gem irb erb ri rdoc testrb rake ruby bundle
+ _path=erb
+ command rm -fv /home/gitpod/.rvm/bin/erb
+ rm -fv /home/gitpod/.rvm/bin/erb
+ for _path in "$rvm_path"/wrappers/default/* gem irb erb ri rdoc testrb rake ruby bundle
+ _path=ri
+ command rm -fv /home/gitpod/.rvm/bin/ri
+ rm -fv /home/gitpod/.rvm/bin/ri
+ for _path in "$rvm_path"/wrappers/default/* gem irb erb ri rdoc testrb rake ruby bundle
+ _path=rdoc
+ command rm -fv /home/gitpod/.rvm/bin/rdoc
+ rm -fv /home/gitpod/.rvm/bin/rdoc
+ for _path in "$rvm_path"/wrappers/default/* gem irb erb ri rdoc testrb rake ruby bundle
+ _path=testrb
+ command rm -fv /home/gitpod/.rvm/bin/testrb
+ rm -fv /home/gitpod/.rvm/bin/testrb
+ for _path in "$rvm_path"/wrappers/default/* gem irb erb ri rdoc testrb rake ruby bundle
+ _path=rake
+ command rm -fv /home/gitpod/.rvm/bin/rake
+ rm -fv /home/gitpod/.rvm/bin/rake
+ for _path in "$rvm_path"/wrappers/default/* gem irb erb ri rdoc testrb rake ruby bundle
+ _path=ruby
+ command rm -fv /home/gitpod/.rvm/bin/ruby
+ rm -fv /home/gitpod/.rvm/bin/ruby
+ for _path in "$rvm_path"/wrappers/default/* gem irb erb ri rdoc testrb rake ruby bundle
+ _path=bundle
+ command rm -fv /home/gitpod/.rvm/bin/bundle
+ rm -fv /home/gitpod/.rvm/bin/bundle
